cuda-11.8 loaded successful
gcc-9.3.0 loaded successful
/home/bingxing2/home/scx8ah2/.conda/envs/LLMSeg_cp310/lib/python3.10/site-packages/torchvision/io/image.py:13: UserWarning: Failed to load image Python extension: '/home/bingxing2/home/scx8ah2/.conda/envs/LLMSeg_cp310/lib/python3.10/site-packages/torchvision/image.so: undefined symbol: _ZN5torch3jit17parseSchemaOrNameERKSs'If you don't plan on using image functionality from `torchvision.io`, you can ignore this warning. Otherwise, there might be something wrong with your environment. Did you have `libjpeg` or `libpng` installed before building `torchvision` from source?
  warn(
{'EXP_NAME': 'resnet101_cfbi', 'DIR_ROOT': './', 'DIR_DATA': './datasets', 'DIR_DAVIS': './datasets/DAVIS', 'DIR_VOST': './datasets/VOST', 'DIR_ROVES': './datasets/ROVES', 'DIR_YTB': './datasets/YTB/train', 'DIR_YTB_EVAL': './datasets/YTB/valid', 'DIR_RESULT': './result/resnet101_cfbi', 'DIR_CKPT': './result/resnet101_cfbi/ckpt', 'DIR_LOG': './result/resnet101_cfbi/log', 'DIR_IMG_LOG': './result/resnet101_cfbi/log/img', 'DIR_TB_LOG': './result/resnet101_cfbi/log/tensorboard', 'DIR_EVALUATION': './result/resnet101_cfbi/eval', 'DATASETS': ['youtubevos'], 'DATA_WORKERS': 4, 'DATA_RANDOMCROP': (465, 465), 'DATA_RANDOMFLIP': 0.5, 'DATA_MAX_CROP_STEPS': 5, 'DATA_MIN_SCALE_FACTOR': 1.0, 'DATA_MAX_SCALE_FACTOR': 1.3, 'DATA_SHORT_EDGE_LEN': 480, 'DATA_RANDOM_REVERSE_SEQ': True, 'DATA_DAVIS_REPEAT': 30, 'DATA_CURR_SEQ_LEN': 3, 'DATA_RANDOM_GAP_DAVIS': 3, 'DATA_RANDOM_GAP_YTB': 3, 'PRETRAIN': True, 'PRETRAIN_FULL': False, 'PRETRAIN_MODEL': './pretrain_models/resnet101-deeplabv3p.pth.tar', 'MODEL_BACKBONE': 'resnet', 'MODEL_MODULE': 'networks.cfbi.cfbi', 'MODEL_OUTPUT_STRIDE': 16, 'MODEL_ASPP_OUTDIM': 256, 'MODEL_SHORTCUT_DIM': 48, 'MODEL_SEMANTIC_EMBEDDING_DIM': 100, 'MODEL_HEAD_EMBEDDING_DIM': 256, 'MODEL_PRE_HEAD_EMBEDDING_DIM': 64, 'MODEL_GN_GROUPS': 32, 'MODEL_GN_EMB_GROUPS': 25, 'MODEL_MULTI_LOCAL_DISTANCE': [2, 4, 6, 8, 10, 12], 'MODEL_LOCAL_DOWNSAMPLE': True, 'MODEL_REFINE_CHANNELS': 64, 'MODEL_LOW_LEVEL_INPLANES': 256, 'MODEL_RELATED_CHANNELS': 64, 'MODEL_EPSILON': 1e-05, 'MODEL_MATCHING_BACKGROUND': True, 'MODEL_GCT_BETA_WD': True, 'MODEL_FLOAT16_MATCHING': True, 'MODEL_FREEZE_BN': True, 'MODEL_FREEZE_BACKBONE': False, 'TRAIN_TOTAL_STEPS': 100000, 'TRAIN_START_STEP': 0, 'TRAIN_LR': 0.01, 'TRAIN_MOMENTUM': 0.9, 'TRAIN_COSINE_DECAY': False, 'TRAIN_WARM_UP_STEPS': 1000, 'TRAIN_WEIGHT_DECAY': 0.00015, 'TRAIN_POWER': 0.9, 'TRAIN_GPUS': 4, 'TRAIN_BATCH_SIZE': 8, 'TRAIN_START_SEQ_TRAINING_STEPS': 50000.0, 'TRAIN_TBLOG': False, 'TRAIN_TBLOG_STEP': 60, 'TRAIN_LOG_STEP': 20, 'TRAIN_IMG_LOG': False, 'TRAIN_TOP_K_PERCENT_PIXELS': 0.15, 'TRAIN_HARD_MINING_STEP': 50000.0, 'TRAIN_CLIP_GRAD_NORM': 5.0, 'TRAIN_SAVE_STEP': 1000, 'TRAIN_MAX_KEEP_CKPT': 8, 'TRAIN_RESUME': False, 'TRAIN_RESUME_CKPT': None, 'TRAIN_RESUME_STEP': 0, 'TRAIN_AUTO_RESUME': True, 'TRAIN_GLOBAL_ATROUS_RATE': 1, 'TRAIN_LOCAL_ATROUS_RATE': 1, 'TRAIN_LOCAL_PARALLEL': True, 'TRAIN_GLOBAL_CHUNKS': 20, 'TRAIN_DATASET_FULL_RESOLUTION': True, 'TEST_GPU_ID': 0, 'TEST_DATASET': 'roves', 'TEST_DATASET_FULL_RESOLUTION': False, 'TEST_DATASET_SPLIT': ['val'], 'TEST_CKPT_PATH': './pretrain_models/resnet101_cfbi.pth', 'TEST_CKPT_STEP': None, 'TEST_FLIP': False, 'TEST_MULTISCALE': [1.0], 'TEST_MIN_SIZE': None, 'TEST_MAX_SIZE': 1040.0, 'TEST_WORKERS': 4, 'TEST_GLOBAL_CHUNKS': 4, 'TEST_GLOBAL_ATROUS_RATE': 2, 'TEST_LOCAL_ATROUS_RATE': 1, 'TEST_LOCAL_PARALLEL': True, 'DIST_ENABLE': True, 'DIST_BACKEND': 'gloo', 'DIST_URL': 'file://./sharefile', 'DIST_START_GPU': 0}
Use GPU 0 for evaluating
Build backbone.
Use frozen BN in DeepLab!
Build VOS model.
Load checkpoint from ./pretrain_models/resnet101_cfbi.pth
Process dataset...
Eval resnet101_cfbi on roves:
Done!
0 :  321
1 :  910
2 :  320
3 :  330
4 :  151
5 :  93
6 :  480
7 :  390
8 :  485
9 :  365
10 :  197
11 :  110
12 :  360
13 :  337
14 :  232
15 :  111
16 :  321
17 :  190
18 :  326
19 :  328
20 :  330
21 :  359
22 :  812
23 :  317
24 :  390
25 :  331
26 :  379
27 :  386
28 :  888
29 :  75
30 :  346
31 :  349
32 :  162
33 :  326
34 :  433
35 :  423
36 :  291
37 :  197
38 :  325
39 :  309
40 :  892
41 :  772
42 :  326
43 :  263
44 :  316
45 :  231
46 :  86
47 :  300
48 :  360
49 :  333
50 :  187
51 :  377
52 :  333
53 :  239
54 :  89
55 :  300
56 :  306
57 :  341
58 :  390
59 :  300
60 :  1045
61 :  268
62 :  313
63 :  325
64 :  406
65 :  659
66 :  360
67 :  349
Prcessing Seq mv_redpen_2 [1/68]:
Ref Frame: 0000000.jpg, Time: 0.5126214027404785
Frame: 0000001.jpg, Obj Num: 2, Time: 0.3588273525238037
Frame: 0000002.jpg, Obj Num: 2, Time: 0.10702013969421387
Frame: 0000003.jpg, Obj Num: 2, Time: 0.11330485343933105
Frame: 0000004.jpg, Obj Num: 2, Time: 0.11301231384277344
Frame: 0000005.jpg, Obj Num: 2, Time: 0.1280837059020996
Frame: 0000006.jpg, Obj Num: 2, Time: 0.1420280933380127
Frame: 0000007.jpg, Obj Num: 2, Time: 0.15653038024902344
Frame: 0000008.jpg, Obj Num: 2, Time: 0.1684732437133789
Frame: 0000009.jpg, Obj Num: 2, Time: 0.18511176109313965
Frame: 0000010.jpg, Obj Num: 2, Time: 0.19817757606506348
Frame: 0000011.jpg, Obj Num: 2, Time: 0.2120528221130371
Frame: 0000012.jpg, Obj Num: 2, Time: 0.22556257247924805
Frame: 0000013.jpg, Obj Num: 2, Time: 0.2381284236907959
Frame: 0000014.jpg, Obj Num: 2, Time: 0.2540404796600342
Frame: 0000015.jpg, Obj Num: 2, Time: 0.26755738258361816
Frame: 0000016.jpg, Obj Num: 2, Time: 0.27588748931884766
Frame: 0000017.jpg, Obj Num: 2, Time: 0.2980473041534424
Frame: 0000018.jpg, Obj Num: 2, Time: 0.3122551441192627
Frame: 0000019.jpg, Obj Num: 2, Time: 0.3220643997192383
Frame: 0000020.jpg, Obj Num: 2, Time: 0.3345217704772949
Frame: 0000021.jpg, Obj Num: 2, Time: 0.3532700538635254
Frame: 0000022.jpg, Obj Num: 2, Time: 0.3691442012786865
Frame: 0000023.jpg, Obj Num: 2, Time: 0.38619375228881836
Frame: 0000024.jpg, Obj Num: 2, Time: 0.39660048484802246
Frame: 0000025.jpg, Obj Num: 2, Time: 0.41015195846557617
Frame: 0000026.jpg, Obj Num: 2, Time: 0.42766380310058594
Frame: 0000027.jpg, Obj Num: 2, Time: 0.4559512138366699
Frame: 0000028.jpg, Obj Num: 2, Time: 0.46835851669311523
Frame: 0000029.jpg, Obj Num: 2, Time: 0.4972574710845947
Frame: 0000030.jpg, Obj Num: 2, Time: 0.5163557529449463
Frame: 0000031.jpg, Obj Num: 2, Time: 0.5414412021636963
Frame: 0000032.jpg, Obj Num: 2, Time: 0.5308072566986084
Frame: 0000033.jpg, Obj Num: 2, Time: 0.5852742195129395
Frame: 0000034.jpg, Obj Num: 2, Time: 0.5980994701385498
Frame: 0000035.jpg, Obj Num: 2, Time: 0.6268489360809326
Frame: 0000036.jpg, Obj Num: 2, Time: 0.6413812637329102
Frame: 0000037.jpg, Obj Num: 2, Time: 0.6396958827972412
Frame: 0000038.jpg, Obj Num: 2, Time: 0.6548266410827637
Frame: 0000039.jpg, Obj Num: 2, Time: 0.6795904636383057
Frame: 0000040.jpg, Obj Num: 2, Time: 0.6648900508880615
Frame: 0000041.jpg, Obj Num: 2, Time: 0.7199695110321045
Frame: 0000042.jpg, Obj Num: 2, Time: 0.724158525466919
Frame: 0000043.jpg, Obj Num: 2, Time: 0.7535891532897949
Frame: 0000044.jpg, Obj Num: 2, Time: 0.7578105926513672
Frame: 0000045.jpg, Obj Num: 2, Time: 0.7913098335266113
Frame: 0000046.jpg, Obj Num: 2, Time: 0.8016190528869629
Frame: 0000047.jpg, Obj Num: 2, Time: 0.8283491134643555
Frame: 0000048.jpg, Obj Num: 2, Time: 0.7713489532470703
Frame: 0000049.jpg, Obj Num: 2, Time: 0.8518249988555908
Frame: 0000050.jpg, Obj Num: 2, Time: 0.888493537902832
Frame: 0000051.jpg, Obj Num: 2, Time: 0.8931562900543213
Frame: 0000052.jpg, Obj Num: 2, Time: 0.9070098400115967
Frame: 0000053.jpg, Obj Num: 2, Time: 0.9596834182739258
Frame: 0000054.jpg, Obj Num: 2, Time: 0.9667789936065674
Frame: 0000055.jpg, Obj Num: 2, Time: 0.9884450435638428
Frame: 0000056.jpg, Obj Num: 2, Time: 0.9640884399414062
Frame: 0000057.jpg, Obj Num: 2, Time: 1.0352485179901123
Frame: 0000058.jpg, Obj Num: 2, Time: 1.0442335605621338
Frame: 0000059.jpg, Obj Num: 2, Time: 1.031684160232544
Frame: 0000060.jpg, Obj Num: 2, Time: 1.0967955589294434
Frame: 0000061.jpg, Obj Num: 2, Time: 1.1230037212371826
Frame: 0000062.jpg, Obj Num: 2, Time: 1.0925092697143555
Frame: 0000063.jpg, Obj Num: 2, Time: 1.1411831378936768
Frame: 0000064.jpg, Obj Num: 2, Time: 1.1430583000183105
Frame: 0000065.jpg, Obj Num: 2, Time: 1.1692161560058594
Frame: 0000066.jpg, Obj Num: 2, Time: 1.21358323097229
Frame: 0000067.jpg, Obj Num: 2, Time: 1.22481107711792
Frame: 0000068.jpg, Obj Num: 2, Time: 1.219282865524292
Frame: 0000069.jpg, Obj Num: 2, Time: 1.2979052066802979
Frame: 0000070.jpg, Obj Num: 2, Time: 1.3061437606811523
Frame: 0000071.jpg, Obj Num: 2, Time: 1.3181378841400146
Frame: 0000072.jpg, Obj Num: 2, Time: 1.2774736881256104
Frame: 0000073.jpg, Obj Num: 2, Time: 1.3358566761016846
Frame: 0000074.jpg, Obj Num: 2, Time: 1.2741343975067139
Frame: 0000075.jpg, Obj Num: 2, Time: 1.2994773387908936
Frame: 0000076.jpg, Obj Num: 2, Time: 1.298572063446045
Frame: 0000077.jpg, Obj Num: 2, Time: 1.3131763935089111
Frame: 0000078.jpg, Obj Num: 2, Time: 1.3309240341186523
Frame: 0000079.jpg, Obj Num: 2, Time: 1.3374605178833008
Frame: 0000080.jpg, Obj Num: 2, Time: 1.2544581890106201
Frame: 0000081.jpg, Obj Num: 2, Time: 1.4311559200286865
Frame: 0000082.jpg, Obj Num: 2, Time: 1.4402780532836914
Frame: 0000083.jpg, Obj Num: 2, Time: 1.4455127716064453
Frame: 0000084.jpg, Obj Num: 2, Time: 1.4502079486846924
Frame: 0000085.jpg, Obj Num: 2, Time: 1.4785926342010498
Frame: 0000086.jpg, Obj Num: 2, Time: 1.478090763092041
Frame: 0000087.jpg, Obj Num: 2, Time: 1.492671251296997
Frame: 0000088.jpg, Obj Num: 2, Time: 1.445225477218628
Frame: 0000089.jpg, Obj Num: 2, Time: 1.5177674293518066
Frame: 0000090.jpg, Obj Num: 2, Time: 1.5993304252624512
Frame: 0000091.jpg, Obj Num: 2, Time: 1.6060411930084229
Frame: 0000092.jpg, Obj Num: 2, Time: 1.6005239486694336
Frame: 0000093.jpg, Obj Num: 2, Time: 1.6295711994171143
Frame: 0000094.jpg, Obj Num: 2, Time: 1.6325631141662598
Frame: 0000095.jpg, Obj Num: 2, Time: 1.6411106586456299
Frame: 0000096.jpg, Obj Num: 2, Time: 1.5257413387298584
Frame: 0000097.jpg, Obj Num: 2, Time: 1.6664044857025146
Frame: 0000098.jpg, Obj Num: 2, Time: 1.6776998043060303
Frame: 0000099.jpg, Obj Num: 2, Time: 1.7706258296966553
Frame: 0000100.jpg, Obj Num: 2, Time: 1.7627336978912354
Frame: 0000101.jpg, Obj Num: 2, Time: 1.7902729511260986
Frame: 0000102.jpg, Obj Num: 2, Time: 1.8035025596618652
Frame: 0000103.jpg, Obj Num: 2, Time: 1.8183302879333496
Frame: 0000104.jpg, Obj Num: 2, Time: 1.7650492191314697
Frame: 0000105.jpg, Obj Num: 2, Time: 1.920553207397461
Frame: 0000106.jpg, Obj Num: 2, Time: 1.8675596714019775
Frame: 0000107.jpg, Obj Num: 2, Time: 1.868314504623413
Frame: 0000108.jpg, Obj Num: 2, Time: 1.8624417781829834
Frame: 0000109.jpg, Obj Num: 2, Time: 1.8911800384521484
Frame: 0000110.jpg, Obj Num: 2, Time: 1.9185428619384766
Frame: 0000111.jpg, Obj Num: 2, Time: 1.9406464099884033
Frame: 0000112.jpg, Obj Num: 2, Time: 1.8924143314361572
Frame: 0000113.jpg, Obj Num: 2, Time: 2.0456595420837402
Frame: 0000114.jpg, Obj Num: 2, Time: 2.058152198791504
Frame: 0000115.jpg, Obj Num: 2, Time: 2.0740296840667725
Frame: 0000116.jpg, Obj Num: 2, Time: 2.0632071495056152
Frame: 0000117.jpg, Obj Num: 2, Time: 2.105013608932495
Frame: 0000118.jpg, Obj Num: 2, Time: 2.1139161586761475
Frame: 0000119.jpg, Obj Num: 2, Time: 2.1346795558929443
Frame: 0000120.jpg, Obj Num: 2, Time: 2.0527310371398926
Frame: 0000121.jpg, Obj Num: 2, Time: 2.159794330596924
Frame: 0000122.jpg, Obj Num: 2, Time: 2.1615500450134277
Frame: 0000123.jpg, Obj Num: 2, Time: 2.180859327316284
Frame: 0000124.jpg, Obj Num: 2, Time: 2.171532154083252
Frame: 0000125.jpg, Obj Num: 2, Time: 2.2129242420196533
Frame: 0000126.jpg, Obj Num: 2, Time: 2.310769557952881
Frame: 0000127.jpg, Obj Num: 2, Time: 2.264082431793213
Frame: 0000128.jpg, Obj Num: 2, Time: 2.25185489654541
Frame: 0000129.jpg, Obj Num: 2, Time: 2.4097177982330322
Frame: 0000130.jpg, Obj Num: 2, Time: 2.4157893657684326
Frame: 0000131.jpg, Obj Num: 2, Time: 2.4415314197540283
Frame: 0000132.jpg, Obj Num: 2, Time: 2.423405408859253
Frame: 0000133.jpg, Obj Num: 2, Time: 2.4784114360809326
Frame: 0000134.jpg, Obj Num: 2, Time: 2.4864501953125
Frame: 0000135.jpg, Obj Num: 2, Time: 2.5146238803863525
Frame: 0000136.jpg, Obj Num: 2, Time: 2.4073312282562256
Frame: 0000137.jpg, Obj Num: 2, Time: 2.533179759979248
Frame: 0000138.jpg, Obj Num: 2, Time: 2.5115296840667725
Frame: 0000139.jpg, Obj Num: 2, Time: 2.531740665435791
Frame: 0000140.jpg, Obj Num: 2, Time: 2.5112669467926025
Frame: 0000141.jpg, Obj Num: 2, Time: 2.550173759460449
Frame: 0000142.jpg, Obj Num: 2, Time: 2.561598062515259
Frame: 0000143.jpg, Obj Num: 2, Time: 2.7808339595794678
Frame: 0000144.jpg, Obj Num: 2, Time: 2.4214489459991455
Frame: 0000145.jpg, Obj Num: 2, Time: 2.610534429550171
Frame: 0000146.jpg, Obj Num: 2, Time: 2.6266303062438965
Frame: 0000147.jpg, Obj Num: 2, Time: 2.648864984512329
Frame: 0000148.jpg, Obj Num: 2, Time: 2.686359405517578
Frame: 0000149.jpg, Obj Num: 2, Time: 2.7345166206359863
Frame: 0000150.jpg, Obj Num: 2, Time: 2.7481765747070312
Frame: 0000151.jpg, Obj Num: 2, Time: 2.7575972080230713
Frame: 0000152.jpg, Obj Num: 2, Time: 2.6873958110809326
Frame: 0000153.jpg, Obj Num: 2, Time: 2.7958004474639893
Frame: 0000154.jpg, Obj Num: 2, Time: 2.7935636043548584
Frame: 0000155.jpg, Obj Num: 2, Time: 2.825244426727295
Frame: 0000156.jpg, Obj Num: 2, Time: 2.793130397796631
Frame: 0000157.jpg, Obj Num: 2, Time: 2.8511767387390137
Frame: 0000158.jpg, Obj Num: 2, Time: 3.5176210403442383
Frame: 0000159.jpg, Obj Num: 2, Time: 2.8796191215515137
Frame: 0000160.jpg, Obj Num: 2, Time: 2.713221788406372
Frame: 0000161.jpg, Obj Num: 2, Time: 2.8914806842803955
Frame: 0000162.jpg, Obj Num: 2, Time: 2.9017581939697266
Frame: 0000163.jpg, Obj Num: 2, Time: 2.927960157394409
Frame: 0000164.jpg, Obj Num: 2, Time: 2.8972508907318115
Frame: 0000165.jpg, Obj Num: 2, Time: 2.9605541229248047
Frame: 0000166.jpg, Obj Num: 2, Time: 2.9451992511749268
Frame: 0000167.jpg, Obj Num: 2, Time: 2.9785730838775635
Frame: 0000168.jpg, Obj Num: 2, Time: 2.8793411254882812
Frame: 0000169.jpg, Obj Num: 2, Time: 3.006049156188965
Frame: 0000170.jpg, Obj Num: 2, Time: 3.0037169456481934
Frame: 0000171.jpg, Obj Num: 2, Time: 3.6550495624542236
Frame: 0000172.jpg, Obj Num: 2, Time: 3.0290088653564453
Frame: 0000173.jpg, Obj Num: 2, Time: 3.06720232963562
Frame: 0000174.jpg, Obj Num: 2, Time: 3.0830535888671875
Frame: 0000175.jpg, Obj Num: 2, Time: 3.10215425491333
Frame: 0000176.jpg, Obj Num: 2, Time: 2.895888328552246
Frame: 0000177.jpg, Obj Num: 2, Time: 3.153455972671509
Frame: 0000178.jpg, Obj Num: 2, Time: 3.161928653717041
Frame: 0000179.jpg, Obj Num: 2, Time: 3.3636434078216553
Frame: 0000180.jpg, Obj Num: 2, Time: 3.3562185764312744
Frame: 0000181.jpg, Obj Num: 2, Time: 3.4051363468170166
Frame: 0000182.jpg, Obj Num: 2, Time: 3.4084250926971436
Frame: 0000183.jpg, Obj Num: 2, Time: 4.06585431098938
Frame: 0000184.jpg, Obj Num: 2, Time: 3.3535244464874268
Frame: 0000185.jpg, Obj Num: 2, Time: 3.480323314666748
Frame: 0000186.jpg, Obj Num: 2, Time: 3.4694674015045166
Frame: 0000187.jpg, Obj Num: 2, Time: 3.4996681213378906
Frame: 0000188.jpg, Obj Num: 2, Time: 3.4887404441833496
Frame: 0000189.jpg, Obj Num: 2, Time: 3.5484297275543213
Frame: 0000190.jpg, Obj Num: 2, Time: 3.52701473236084
Frame: 0000191.jpg, Obj Num: 2, Time: 3.566601037979126
Frame: 0000192.jpg, Obj Num: 2, Time: 3.385258197784424
Frame: 0000193.jpg, Obj Num: 2, Time: 3.6079657077789307
Frame: 0000194.jpg, Obj Num: 2, Time: 4.185492515563965
Frame: 0000195.jpg, Obj Num: 2, Time: 3.604433298110962
Frame: 0000196.jpg, Obj Num: 2, Time: 3.593313694000244
Frame: 0000197.jpg, Obj Num: 2, Time: 3.659414291381836
Frame: 0000198.jpg, Obj Num: 2, Time: 3.6511194705963135
Frame: 0000199.jpg, Obj Num: 2, Time: 3.684274673461914
Frame: 0000200.jpg, Obj Num: 2, Time: 3.63505220413208
Frame: 0000201.jpg, Obj Num: 2, Time: 3.753416061401367
Frame: 0000202.jpg, Obj Num: 2, Time: 3.691519021987915
Frame: 0000203.jpg, Obj Num: 2, Time: 3.7274019718170166
Frame: 0000204.jpg, Obj Num: 2, Time: 4.264676094055176
Frame: 0000205.jpg, Obj Num: 2, Time: 3.767216205596924
Frame: 0000206.jpg, Obj Num: 2, Time: 3.750843048095703
Frame: 0000207.jpg, Obj Num: 2, Time: 3.798506259918213
Frame: 0000208.jpg, Obj Num: 2, Time: 3.5336055755615234
Frame: 0000209.jpg, Obj Num: 2, Time: 3.8346619606018066
Frame: 0000210.jpg, Obj Num: 2, Time: 3.8375167846679688
Frame: 0000211.jpg, Obj Num: 2, Time: 3.8336920738220215
Frame: 0000212.jpg, Obj Num: 2, Time: 3.816680431365967
Frame: 0000213.jpg, Obj Num: 2, Time: 3.8998169898986816
Frame: 0000214.jpg, Obj Num: 2, Time: 4.512267589569092
Frame: 0000215.jpg, Obj Num: 2, Time: 3.9461002349853516
Frame: 0000216.jpg, Obj Num: 2, Time: 3.8052444458007812
Frame: 0000217.jpg, Obj Num: 2, Time: 3.976940393447876
Frame: 0000218.jpg, Obj Num: 2, Time: 3.9732773303985596
Frame: 0000219.jpg, Obj Num: 2, Time: 4.014129877090454
Frame: 0000220.jpg, Obj Num: 2, Time: 4.005878686904907
Frame: 0000221.jpg, Obj Num: 2, Time: 4.062985897064209
Frame: 0000222.jpg, Obj Num: 2, Time: 4.073580503463745
Frame: 0000223.jpg, Obj Num: 2, Time: 4.67867374420166
Frame: 0000224.jpg, Obj Num: 2, Time: 3.888523817062378
Frame: 0000225.jpg, Obj Num: 2, Time: 4.165293455123901
Frame: 0000226.jpg, Obj Num: 2, Time: 4.472055912017822
Frame: 0000227.jpg, Obj Num: 2, Time: 4.505396604537964
Frame: 0000228.jpg, Obj Num: 2, Time: 4.478679418563843
Frame: 0000229.jpg, Obj Num: 2, Time: 4.552993059158325
Frame: 0000230.jpg, Obj Num: 2, Time: 4.5603718757629395
Frame: 0000231.jpg, Obj Num: 2, Time: 4.5818562507629395
Frame: 0000232.jpg, Obj Num: 2, Time: 5.255649566650391
Frame: 0000233.jpg, Obj Num: 2, Time: 4.625734329223633
Frame: 0000234.jpg, Obj Num: 2, Time: 4.62406325340271
Frame: 0000235.jpg, Obj Num: 2, Time: 4.664610147476196
Frame: 0000236.jpg, Obj Num: 2, Time: 4.640422105789185
Frame: 0000237.jpg, Obj Num: 2, Time: 4.674320936203003
Frame: 0000238.jpg, Obj Num: 2, Time: 4.696552515029907
Frame: 0000239.jpg, Obj Num: 2, Time: 4.725329875946045
Frame: 0000240.jpg, Obj Num: 2, Time: 5.183196067810059
Frame: 0000241.jpg, Obj Num: 2, Time: 4.740580320358276
Frame: 0000242.jpg, Obj Num: 2, Time: 4.784689664840698
Frame: 0000243.jpg, Obj Num: 2, Time: 4.777818441390991
Frame: 0000244.jpg, Obj Num: 2, Time: 4.740262746810913
Frame: 0000245.jpg, Obj Num: 2, Time: 4.825751304626465
Frame: 0000246.jpg, Obj Num: 2, Time: 4.829554080963135
Frame: 0000247.jpg, Obj Num: 2, Time: 4.868764638900757
Frame: 0000248.jpg, Obj Num: 2, Time: 5.523600816726685
Frame: 0000249.jpg, Obj Num: 2, Time: 4.878627777099609
Frame: 0000250.jpg, Obj Num: 2, Time: 4.874818325042725
Frame: 0000251.jpg, Obj Num: 2, Time: 4.907860517501831
Frame: 0000252.jpg, Obj Num: 2, Time: 4.876946210861206
Frame: 0000253.jpg, Obj Num: 2, Time: 4.952959775924683
Frame: 0000254.jpg, Obj Num: 2, Time: 4.977065563201904
Frame: 0000255.jpg, Obj Num: 2, Time: 5.014969348907471
Frame: 0000256.jpg, Obj Num: 2, Time: 5.65154504776001
Frame: 0000257.jpg, Obj Num: 2, Time: 4.99286150932312
Frame: 0000258.jpg, Obj Num: 2, Time: 5.012682199478149
Frame: 0000259.jpg, Obj Num: 2, Time: 5.038709402084351
Frame: 0000260.jpg, Obj Num: 2, Time: 4.9990222454071045
Frame: 0000261.jpg, Obj Num: 2, Time: 5.107728958129883
Frame: 0000262.jpg, Obj Num: 2, Time: 5.105541944503784
Frame: 0000263.jpg, Obj Num: 2, Time: 5.872992753982544
Frame: 0000264.jpg, Obj Num: 2, Time: 4.924468517303467
Frame: 0000265.jpg, Obj Num: 2, Time: 5.150022983551025
Frame: 0000266.jpg, Obj Num: 2, Time: 5.145092010498047
Frame: 0000267.jpg, Obj Num: 2, Time: 5.17579197883606
Frame: 0000268.jpg, Obj Num: 2, Time: 5.1593170166015625
Frame: 0000269.jpg, Obj Num: 2, Time: 5.214069604873657
Frame: 0000270.jpg, Obj Num: 2, Time: 6.034430027008057
Frame: 0000271.jpg, Obj Num: 2, Time: 5.263171911239624
Frame: 0000272.jpg, Obj Num: 2, Time: 4.9563210010528564
Frame: 0000273.jpg, Obj Num: 2, Time: 5.293583631515503
Frame: 0000274.jpg, Obj Num: 2, Time: 5.330459356307983
Frame: 0000275.jpg, Obj Num: 2, Time: 5.320256471633911
Frame: 0000276.jpg, Obj Num: 2, Time: 5.285964012145996
Frame: 0000277.jpg, Obj Num: 2, Time: 6.1871678829193115
Frame: 0000278.jpg, Obj Num: 2, Time: 5.392556667327881
Frame: 0000279.jpg, Obj Num: 2, Time: 5.437494516372681
Frame: 0000280.jpg, Obj Num: 2, Time: 5.280599117279053
Frame: 0000281.jpg, Obj Num: 2, Time: 5.465496301651001
Frame: 0000282.jpg, Obj Num: 2, Time: 5.458516597747803
Frame: 0000283.jpg, Obj Num: 2, Time: 5.506072282791138
Frame: 0000284.jpg, Obj Num: 2, Time: 6.28331184387207
Frame: 0000285.jpg, Obj Num: 2, Time: 5.543564319610596
Frame: 0000286.jpg, Obj Num: 2, Time: 5.575679779052734
Frame: 0000287.jpg, Obj Num: 2, Time: 5.612576723098755
Frame: 0000288.jpg, Obj Num: 2, Time: 5.365377426147461
Frame: 0000289.jpg, Obj Num: 2, Time: 5.662142038345337
Frame: 0000290.jpg, Obj Num: 2, Time: 6.16705060005188
Frame: 0000291.jpg, Obj Num: 2, Time: 5.705441236495972
Frame: 0000292.jpg, Obj Num: 2, Time: 5.65584135055542
Frame: 0000293.jpg, Obj Num: 2, Time: 5.7688281536102295
Frame: 0000294.jpg, Obj Num: 2, Time: 5.750624179840088
Frame: 0000295.jpg, Obj Num: 2, Time: 5.773146390914917
Frame: 0000296.jpg, Obj Num: 2, Time: 7.127625226974487
Frame: 0000297.jpg, Obj Num: 2, Time: 6.561636686325073
Frame: 0000298.jpg, Obj Num: 2, Time: 6.556113243103027
Frame: 0000299.jpg, Obj Num: 2, Time: 6.598402976989746
Frame: 0000300.jpg, Obj Num: 2, Time: 6.590569496154785
Frame: 0000301.jpg, Obj Num: 2, Time: 6.65274453163147
Frame: 0000302.jpg, Obj Num: 2, Time: 7.419834852218628
Frame: 0000303.jpg, Obj Num: 2, Time: 6.683858871459961
Frame: 0000304.jpg, Obj Num: 2, Time: 6.3629889488220215
Frame: 0000305.jpg, Obj Num: 2, Time: 6.758743047714233
Frame: 0000306.jpg, Obj Num: 2, Time: 6.746748924255371
Frame: 0000307.jpg, Obj Num: 2, Time: 6.779428243637085
Frame: 0000308.jpg, Obj Num: 2, Time: 7.514179706573486
Frame: 0000309.jpg, Obj Num: 2, Time: 6.8359620571136475
Frame: 0000310.jpg, Obj Num: 2, Time: 6.844727039337158
Frame: 0000311.jpg, Obj Num: 2, Time: 6.882504224777222
Frame: 0000312.jpg, Obj Num: 2, Time: 6.714166164398193
Frame: 0000313.jpg, Obj Num: 2, Time: 6.935928821563721
Frame: 0000314.jpg, Obj Num: 2, Time: 7.726959943771362
Frame: 0000315.jpg, Obj Num: 2, Time: 6.986039161682129
Frame: 0000316.jpg, Obj Num: 2, Time: 6.9281933307647705
Frame: 0000317.jpg, Obj Num: 2, Time: 6.994962692260742
Frame: 0000318.jpg, Obj Num: 2, Time: 7.018850088119507
Frame: 0000319.jpg, Obj Num: 2, Time: 7.059352874755859
Frame: 0000320.jpg, Obj Num: 2, Time: 7.6003594398498535
Seq mv_redpen_2 FPS: 0.32103813459824726, Total FPS: 0.32103813459824726, FPS per Seq: 0.32103813459824726
Prcessing Seq knitting_sweater_2 [2/68]:
Ref Frame: 0000000.jpg, Time: 0.03718137741088867
Frame: 0000001.jpg, Obj Num: 2, Time: 0.08352088928222656
Frame: 0000002.jpg, Obj Num: 2, Time: 0.09180331230163574
Frame: 0000003.jpg, Obj Num: 2, Time: 0.09884095191955566
Frame: 0000004.jpg, Obj Num: 2, Time: 0.11507153511047363
Frame: 0000005.jpg, Obj Num: 2, Time: 0.13032150268554688
Frame: 0000006.jpg, Obj Num: 2, Time: 0.14277863502502441
Frame: 0000007.jpg, Obj Num: 2, Time: 0.15669870376586914
Frame: 0000008.jpg, Obj Num: 2, Time: 0.1692216396331787
Frame: 0000009.jpg, Obj Num: 2, Time: 0.18559622764587402
Frame: 0000010.jpg, Obj Num: 2, Time: 0.19884943962097168
Frame: 0000011.jpg, Obj Num: 2, Time: 0.21272706985473633
Frame: 0000012.jpg, Obj Num: 2, Time: 0.22467494010925293
Frame: 0000013.jpg, Obj Num: 2, Time: 0.2390298843383789
Frame: 0000014.jpg, Obj Num: 2, Time: 0.2529287338256836
Frame: 0000015.jpg, Obj Num: 2, Time: 0.2658812999725342
Frame: 0000016.jpg, Obj Num: 2, Time: 0.2740821838378906
Frame: 0000017.jpg, Obj Num: 2, Time: 0.2969532012939453
Frame: 0000018.jpg, Obj Num: 2, Time: 0.31005024909973145
Frame: 0000019.jpg, Obj Num: 2, Time: 0.32180118560791016
Frame: 0000020.jpg, Obj Num: 2, Time: 0.3354811668395996
Frame: 0000021.jpg, Obj Num: 2, Time: 0.3537614345550537
Frame: 0000022.jpg, Obj Num: 2, Time: 0.36849021911621094
Frame: 0000023.jpg, Obj Num: 2, Time: 0.3867778778076172
Frame: 0000024.jpg, Obj Num: 2, Time: 0.39650559425354004
Frame: 0000025.jpg, Obj Num: 2, Time: 0.40993833541870117
Frame: 0000026.jpg, Obj Num: 2, Time: 0.4284825325012207
Frame: 0000027.jpg, Obj Num: 2, Time: 0.457012414932251
Frame: 0000028.jpg, Obj Num: 2, Time: 0.4688868522644043
Frame: 0000029.jpg, Obj Num: 2, Time: 0.49830102920532227
Frame: 0000030.jpg, Obj Num: 2, Time: 0.5176529884338379
Frame: 0000031.jpg, Obj Num: 2, Time: 0.5418212413787842
Frame: 0000032.jpg, Obj Num: 2, Time: 0.5317234992980957
Frame: 0000033.jpg, Obj Num: 2, Time: 0.5864212512969971
Frame: 0000034.jpg, Obj Num: 2, Time: 0.5987377166748047
Frame: 0000035.jpg, Obj Num: 2, Time: 0.629385232925415
Frame: 0000036.jpg, Obj Num: 2, Time: 0.6425445079803467
Frame: 0000037.jpg, Obj Num: 2, Time: 0.641411304473877
Frame: 0000038.jpg, Obj Num: 2, Time: 0.656364917755127
Frame: 0000039.jpg, Obj Num: 2, Time: 0.6825234889984131
Frame: 0000040.jpg, Obj Num: 2, Time: 0.6644227504730225
Frame: 0000041.jpg, Obj Num: 2, Time: 0.7213389873504639
Frame: 0000042.jpg, Obj Num: 2, Time: 0.7246794700622559
Frame: 0000043.jpg, Obj Num: 2, Time: 0.7561960220336914
Frame: 0000044.jpg, Obj Num: 2, Time: 0.7587075233459473
Frame: 0000045.jpg, Obj Num: 2, Time: 0.7919111251831055
Frame: 0000046.jpg, Obj Num: 2, Time: 0.8034534454345703
Frame: 0000047.jpg, Obj Num: 2, Time: 0.8294649124145508
Frame: 0000048.jpg, Obj Num: 2, Time: 0.7747163772583008
Frame: 0000049.jpg, Obj Num: 2, Time: 0.8525996208190918
Frame: 0000050.jpg, Obj Num: 2, Time: 0.8921043872833252
Frame: 0000051.jpg, Obj Num: 2, Time: 0.9000787734985352
Frame: 0000052.jpg, Obj Num: 2, Time: 0.9079277515411377
Frame: 0000053.jpg, Obj Num: 2, Time: 0.9616508483886719
Frame: 0000054.jpg, Obj Num: 2, Time: 0.9694890975952148
Frame: 0000055.jpg, Obj Num: 2, Time: 0.992318868637085
Frame: 0000056.jpg, Obj Num: 2, Time: 0.9660236835479736
Frame: 0000057.jpg, Obj Num: 2, Time: 1.036679983139038
Frame: 0000058.jpg, Obj Num: 2, Time: 1.045318841934204
Frame: 0000059.jpg, Obj Num: 2, Time: 1.0332956314086914
Frame: 0000060.jpg, Obj Num: 2, Time: 1.0975537300109863
Frame: 0000061.jpg, Obj Num: 2, Time: 1.1237528324127197
Frame: 0000062.jpg, Obj Num: 2, Time: 1.0946080684661865
Frame: 0000063.jpg, Obj Num: 2, Time: 1.1445090770721436
Frame: 0000064.jpg, Obj Num: 2, Time: 1.1452767848968506
Frame: 0000065.jpg, Obj Num: 2, Time: 1.170823335647583
Frame: 0000066.jpg, Obj Num: 2, Time: 1.2155482769012451
Frame: 0000067.jpg, Obj Num: 2, Time: 1.22597336769104
Frame: 0000068.jpg, Obj Num: 2, Time: 1.2241809368133545
Frame: 0000069.jpg, Obj Num: 2, Time: 1.2990970611572266
Frame: 0000070.jpg, Obj Num: 2, Time: 1.308459997177124
Frame: 0000071.jpg, Obj Num: 2, Time: 1.320491075515747
Frame: 0000072.jpg, Obj Num: 2, Time: 1.277937889099121
Frame: 0000073.jpg, Obj Num: 2, Time: 1.3395075798034668
Frame: 0000074.jpg, Obj Num: 2, Time: 1.275968074798584
Frame: 0000075.jpg, Obj Num: 2, Time: 1.300471305847168
Frame: 0000076.jpg, Obj Num: 2, Time: 1.3029499053955078
Frame: 0000077.jpg, Obj Num: 2, Time: 1.3146347999572754
Frame: 0000078.jpg, Obj Num: 2, Time: 1.3320205211639404
Frame: 0000079.jpg, Obj Num: 2, Time: 1.3396854400634766
Frame: 0000080.jpg, Obj Num: 2, Time: 1.2603123188018799
Frame: 0000081.jpg, Obj Num: 2, Time: 1.4329814910888672
Frame: 0000082.jpg, Obj Num: 2, Time: 1.4433212280273438
Frame: 0000083.jpg, Obj Num: 2, Time: 1.4472780227661133
Frame: 0000084.jpg, Obj Num: 2, Time: 1.4523775577545166
Frame: 0000085.jpg, Obj Num: 2, Time: 1.4795200824737549
Frame: 0000086.jpg, Obj Num: 2, Time: 1.4799587726593018
Frame: 0000087.jpg, Obj Num: 2, Time: 1.4930529594421387
Frame: 0000088.jpg, Obj Num: 2, Time: 1.4456918239593506
Frame: 0000089.jpg, Obj Num: 2, Time: 1.5208027362823486
Frame: 0000090.jpg, Obj Num: 2, Time: 1.602067470550537
Frame: 0000091.jpg, Obj Num: 2, Time: 1.6060986518859863
Frame: 0000092.jpg, Obj Num: 2, Time: 1.6024177074432373
Frame: 0000093.jpg, Obj Num: 2, Time: 1.6329386234283447
Frame: 0000094.jpg, Obj Num: 2, Time: 1.6343555450439453
Frame: 0000095.jpg, Obj Num: 2, Time: 1.6441049575805664
Frame: 0000096.jpg, Obj Num: 2, Time: 1.5297808647155762
Frame: 0000097.jpg, Obj Num: 2, Time: 1.6668438911437988
Frame: 0000098.jpg, Obj Num: 2, Time: 1.680145025253296
Frame: 0000099.jpg, Obj Num: 2, Time: 1.7735962867736816
Frame: 0000100.jpg, Obj Num: 2, Time: 1.7633981704711914
Frame: 0000101.jpg, Obj Num: 2, Time: 1.7943689823150635
Frame: 0000102.jpg, Obj Num: 2, Time: 1.8054242134094238
Frame: 0000103.jpg, Obj Num: 2, Time: 1.9596624374389648
Frame: 0000104.jpg, Obj Num: 2, Time: 1.7641613483428955
Frame: 0000105.jpg, Obj Num: 2, Time: 1.8575410842895508
Frame: 0000106.jpg, Obj Num: 2, Time: 1.852478265762329
Frame: 0000107.jpg, Obj Num: 2, Time: 1.8713717460632324
Frame: 0000108.jpg, Obj Num: 2, Time: 1.8647165298461914
Frame: 0000109.jpg, Obj Num: 2, Time: 1.8918113708496094
Frame: 0000110.jpg, Obj Num: 2, Time: 1.9162449836730957
Frame: 0000111.jpg, Obj Num: 2, Time: 1.94087815284729
Frame: 0000112.jpg, Obj Num: 2, Time: 1.8959708213806152
Frame: 0000113.jpg, Obj Num: 2, Time: 2.0455589294433594
Frame: 0000114.jpg, Obj Num: 2, Time: 2.057934522628784
Frame: 0000115.jpg, Obj Num: 2, Time: 2.07305908203125
Frame: 0000116.jpg, Obj Num: 2, Time: 2.061028242111206
Frame: 0000117.jpg, Obj Num: 2, Time: 2.103790283203125
Frame: 0000118.jpg, Obj Num: 2, Time: 2.112170457839966
Frame: 0000119.jpg, Obj Num: 2, Time: 2.1366569995880127
Frame: 0000120.jpg, Obj Num: 2, Time: 2.0551114082336426
Frame: 0000121.jpg, Obj Num: 2, Time: 2.1615664958953857
Frame: 0000122.jpg, Obj Num: 2, Time: 2.160878896713257
Frame: 0000123.jpg, Obj Num: 2, Time: 2.361278772354126
Frame: 0000124.jpg, Obj Num: 2, Time: 2.1847214698791504
Frame: 0000125.jpg, Obj Num: 2, Time: 2.2131524085998535
Frame: 0000126.jpg, Obj Num: 2, Time: 2.2268667221069336
Frame: 0000127.jpg, Obj Num: 2, Time: 2.251194715499878
Frame: 0000128.jpg, Obj Num: 2, Time: 2.250805377960205
Frame: 0000129.jpg, Obj Num: 2, Time: 2.4086732864379883
Frame: 0000130.jpg, Obj Num: 2, Time: 2.418713092803955
Frame: 0000131.jpg, Obj Num: 2, Time: 2.4404144287109375
Frame: 0000132.jpg, Obj Num: 2, Time: 2.4222190380096436
Frame: 0000133.jpg, Obj Num: 2, Time: 2.4792683124542236
Frame: 0000134.jpg, Obj Num: 2, Time: 2.4886255264282227
Frame: 0000135.jpg, Obj Num: 2, Time: 2.51473069190979
Frame: 0000136.jpg, Obj Num: 2, Time: 2.407984733581543
Frame: 0000137.jpg, Obj Num: 2, Time: 2.532278299331665
Frame: 0000138.jpg, Obj Num: 2, Time: 2.513756036758423
Frame: 0000139.jpg, Obj Num: 2, Time: 2.534599781036377
Frame: 0000140.jpg, Obj Num: 2, Time: 2.709918975830078
Frame: 0000141.jpg, Obj Num: 2, Time: 2.5631117820739746
Frame: 0000142.jpg, Obj Num: 2, Time: 2.559211254119873
Frame: 0000143.jpg, Obj Num: 2, Time: 2.5773050785064697
Frame: 0000144.jpg, Obj Num: 2, Time: 2.409668207168579
Frame: 0000145.jpg, Obj Num: 2, Time: 2.6078758239746094
Frame: 0000146.jpg, Obj Num: 2, Time: 2.621901035308838
Frame: 0000147.jpg, Obj Num: 2, Time: 2.651244878768921
Frame: 0000148.jpg, Obj Num: 2, Time: 2.6872448921203613
Frame: 0000149.jpg, Obj Num: 2, Time: 2.731541395187378
Frame: 0000150.jpg, Obj Num: 2, Time: 2.7452163696289062
Frame: 0000151.jpg, Obj Num: 2, Time: 2.756074905395508
Frame: 0000152.jpg, Obj Num: 2, Time: 2.6882214546203613
Frame: 0000153.jpg, Obj Num: 2, Time: 2.7956244945526123
Frame: 0000154.jpg, Obj Num: 2, Time: 2.9117631912231445
Frame: 0000155.jpg, Obj Num: 2, Time: 2.8355636596679688
Frame: 0000156.jpg, Obj Num: 2, Time: 2.7908289432525635
Frame: 0000157.jpg, Obj Num: 2, Time: 2.8493595123291016
Frame: 0000158.jpg, Obj Num: 2, Time: 2.848057746887207
Frame: 0000159.jpg, Obj Num: 2, Time: 2.8751516342163086
Frame: 0000160.jpg, Obj Num: 2, Time: 2.711223840713501
Frame: 0000161.jpg, Obj Num: 2, Time: 2.8901560306549072
Frame: 0000162.jpg, Obj Num: 2, Time: 2.901609420776367
Frame: 0000163.jpg, Obj Num: 2, Time: 2.926666736602783
Frame: 0000164.jpg, Obj Num: 2, Time: 2.8913588523864746
Frame: 0000165.jpg, Obj Num: 2, Time: 2.95975923538208
Frame: 0000166.jpg, Obj Num: 2, Time: 2.944736957550049
Frame: 0000167.jpg, Obj Num: 2, Time: 3.1195316314697266
Frame: 0000168.jpg, Obj Num: 2, Time: 2.8788998126983643
Frame: 0000169.jpg, Obj Num: 2, Time: 3.004627227783203
Frame: 0000170.jpg, Obj Num: 2, Time: 3.00154447555542
Frame: 0000171.jpg, Obj Num: 2, Time: 3.042806625366211
Frame: 0000172.jpg, Obj Num: 2, Time: 3.020583152770996
Frame: 0000173.jpg, Obj Num: 2, Time: 3.067793369293213
Frame: 0000174.jpg, Obj Num: 2, Time: 3.0838541984558105
Frame: 0000175.jpg, Obj Num: 2, Time: 3.105034112930298
Frame: 0000176.jpg, Obj Num: 2, Time: 2.8966808319091797
Frame: 0000177.jpg, Obj Num: 2, Time: 3.153418779373169
Frame: 0000178.jpg, Obj Num: 2, Time: 3.1642825603485107
Frame: 0000179.jpg, Obj Num: 2, Time: 3.509350061416626
Frame: 0000180.jpg, Obj Num: 2, Time: 3.367220401763916
Frame: 0000181.jpg, Obj Num: 2, Time: 3.4065194129943848
Frame: 0000182.jpg, Obj Num: 2, Time: 3.404322624206543
Frame: 0000183.jpg, Obj Num: 2, Time: 3.450258731842041
Frame: 0000184.jpg, Obj Num: 2, Time: 3.350263833999634
Frame: 0000185.jpg, Obj Num: 2, Time: 3.485199451446533
Frame: 0000186.jpg, Obj Num: 2, Time: 3.4715993404388428
Frame: 0000187.jpg, Obj Num: 2, Time: 3.503060817718506
Frame: 0000188.jpg, Obj Num: 2, Time: 3.4927735328674316
Frame: 0000189.jpg, Obj Num: 2, Time: 3.550178050994873
Frame: 0000190.jpg, Obj Num: 2, Time: 3.8268861770629883
Frame: 0000191.jpg, Obj Num: 2, Time: 3.567401885986328
Frame: 0000192.jpg, Obj Num: 2, Time: 3.3819947242736816
Frame: 0000193.jpg, Obj Num: 2, Time: 3.608327865600586
Frame: 0000194.jpg, Obj Num: 2, Time: 3.5838587284088135
Frame: 0000195.jpg, Obj Num: 2, Time: 3.6044673919677734
Frame: 0000196.jpg, Obj Num: 2, Time: 3.5949909687042236
Frame: 0000197.jpg, Obj Num: 2, Time: 3.6616227626800537
Frame: 0000198.jpg, Obj Num: 2, Time: 3.6456708908081055
Frame: 0000199.jpg, Obj Num: 2, Time: 3.6827051639556885
Frame: 0000200.jpg, Obj Num: 2, Time: 3.8776886463165283
Frame: 0000201.jpg, Obj Num: 2, Time: 3.747779130935669
Frame: 0000202.jpg, Obj Num: 2, Time: 3.695142984390259
Frame: 0000203.jpg, Obj Num: 2, Time: 3.7270352840423584
Frame: 0000204.jpg, Obj Num: 2, Time: 3.699583053588867
Frame: 0000205.jpg, Obj Num: 2, Time: 3.7622873783111572
Frame: 0000206.jpg, Obj Num: 2, Time: 3.751875638961792
Frame: 0000207.jpg, Obj Num: 2, Time: 3.7979962825775146
Frame: 0000208.jpg, Obj Num: 2, Time: 3.5362932682037354
Frame: 0000209.jpg, Obj Num: 2, Time: 4.030359745025635
Frame: 0000210.jpg, Obj Num: 2, Time: 3.8501315116882324
Frame: 0000211.jpg, Obj Num: 2, Time: 3.8305728435516357
Frame: 0000212.jpg, Obj Num: 2, Time: 3.816117286682129
Frame: 0000213.jpg, Obj Num: 2, Time: 3.900707960128784
Frame: 0000214.jpg, Obj Num: 2, Time: 3.902836561203003
Frame: 0000215.jpg, Obj Num: 2, Time: 3.9364285469055176
Frame: 0000216.jpg, Obj Num: 2, Time: 3.8042101860046387
Frame: 0000217.jpg, Obj Num: 2, Time: 3.9733457565307617
Frame: 0000218.jpg, Obj Num: 2, Time: 4.151371002197266
Frame: 0000219.jpg, Obj Num: 2, Time: 4.021681308746338
Frame: 0000220.jpg, Obj Num: 2, Time: 4.000804662704468
Frame: 0000221.jpg, Obj Num: 2, Time: 4.062419652938843
Frame: 0000222.jpg, Obj Num: 2, Time: 4.073781251907349
Frame: 0000223.jpg, Obj Num: 2, Time: 4.115497827529907
Frame: 0000224.jpg, Obj Num: 2, Time: 3.888489246368408
Frame: 0000225.jpg, Obj Num: 2, Time: 4.158867835998535
Frame: 0000226.jpg, Obj Num: 2, Time: 4.7719480991363525
Frame: 0000227.jpg, Obj Num: 2, Time: 4.506373643875122
Frame: 0000228.jpg, Obj Num: 2, Time: 4.477100610733032
Frame: 0000229.jpg, Obj Num: 2, Time: 4.547159433364868
Frame: 0000230.jpg, Obj Num: 2, Time: 4.5539233684539795
Frame: 0000231.jpg, Obj Num: 2, Time: 4.576606273651123
Frame: 0000232.jpg, Obj Num: 2, Time: 4.443814277648926
Frame: 0000233.jpg, Obj Num: 2, Time: 4.626588821411133
Frame: 0000234.jpg, Obj Num: 2, Time: 5.0035247802734375
Frame: 0000235.jpg, Obj Num: 2, Time: 4.671036243438721
Frame: 0000236.jpg, Obj Num: 2, Time: 4.642189979553223
Frame: 0000237.jpg, Obj Num: 2, Time: 4.671738862991333
Frame: 0000238.jpg, Obj Num: 2, Time: 4.688191890716553
Frame: 0000239.jpg, Obj Num: 2, Time: 4.719933986663818
Frame: 0000240.jpg, Obj Num: 2, Time: 4.411066055297852
Frame: 0000241.jpg, Obj Num: 2, Time: 4.727412700653076
Frame: 0000242.jpg, Obj Num: 2, Time: 5.008542060852051
Frame: 0000243.jpg, Obj Num: 2, Time: 4.779616117477417
Frame: 0000244.jpg, Obj Num: 2, Time: 4.737180471420288
Frame: 0000245.jpg, Obj Num: 2, Time: 4.825261116027832
Frame: 0000246.jpg, Obj Num: 2, Time: 4.836137294769287
Frame: 0000247.jpg, Obj Num: 2, Time: 4.869325160980225
Frame: 0000248.jpg, Obj Num: 2, Time: 4.711140394210815
Frame: 0000249.jpg, Obj Num: 2, Time: 5.095502614974976
Frame: 0000250.jpg, Obj Num: 2, Time: 4.887213468551636
Frame: 0000251.jpg, Obj Num: 2, Time: 4.910991430282593
Frame: 0000252.jpg, Obj Num: 2, Time: 4.881684303283691
Frame: 0000253.jpg, Obj Num: 2, Time: 4.9561333656311035
Frame: 0000254.jpg, Obj Num: 2, Time: 4.9856836795806885
Frame: 0000255.jpg, Obj Num: 2, Time: 5.021159648895264
Frame: 0000256.jpg, Obj Num: 2, Time: 5.157309293746948
Frame: 0000257.jpg, Obj Num: 2, Time: 4.995225667953491
Frame: 0000258.jpg, Obj Num: 2, Time: 5.0114452838897705
Frame: 0000259.jpg, Obj Num: 2, Time: 5.033105373382568
Frame: 0000260.jpg, Obj Num: 2, Time: 4.987767934799194
Frame: 0000261.jpg, Obj Num: 2, Time: 5.106391429901123
Frame: 0000262.jpg, Obj Num: 2, Time: 5.107601165771484
Frame: 0000263.jpg, Obj Num: 2, Time: 5.417462348937988
Frame: 0000264.jpg, Obj Num: 2, Time: 4.941327095031738
Frame: 0000265.jpg, Obj Num: 2, Time: 5.154613971710205
Frame: 0000266.jpg, Obj Num: 2, Time: 5.147843360900879
Frame: 0000267.jpg, Obj Num: 2, Time: 5.178099155426025
Frame: 0000268.jpg, Obj Num: 2, Time: 5.159853935241699
Frame: 0000269.jpg, Obj Num: 2, Time: 5.362426996231079
Frame: 0000270.jpg, Obj Num: 2, Time: 5.254087448120117
Frame: 0000271.jpg, Obj Num: 2, Time: 5.263328313827515
Frame: 0000272.jpg, Obj Num: 2, Time: 4.95794415473938
Frame: 0000273.jpg, Obj Num: 2, Time: 5.292835474014282
Frame: 0000274.jpg, Obj Num: 2, Time: 5.326714038848877
Frame: 0000275.jpg, Obj Num: 2, Time: 5.5487754344940186
Frame: 0000276.jpg, Obj Num: 2, Time: 5.289337396621704
Frame: 0000277.jpg, Obj Num: 2, Time: 5.385365009307861
Frame: 0000278.jpg, Obj Num: 2, Time: 5.4014599323272705
Frame: 0000279.jpg, Obj Num: 2, Time: 5.441156625747681
Frame: 0000280.jpg, Obj Num: 2, Time: 5.282940864562988
Frame: 0000281.jpg, Obj Num: 2, Time: 5.831582546234131
Frame: 0000282.jpg, Obj Num: 2, Time: 5.457270860671997
Frame: 0000283.jpg, Obj Num: 2, Time: 5.503262519836426
Frame: 0000284.jpg, Obj Num: 2, Time: 5.475734710693359
Frame: 0000285.jpg, Obj Num: 2, Time: 5.539618015289307
Frame: 0000286.jpg, Obj Num: 2, Time: 5.908498287200928
Frame: 0000287.jpg, Obj Num: 2, Time: 5.610677003860474
Frame: 0000288.jpg, Obj Num: 2, Time: 5.358981370925903
Frame: 0000289.jpg, Obj Num: 2, Time: 5.658337593078613
Frame: 0000290.jpg, Obj Num: 2, Time: 5.672256708145142
Frame: 0000291.jpg, Obj Num: 2, Time: 6.059120178222656
Frame: 0000292.jpg, Obj Num: 2, Time: 5.6594250202178955
Frame: 0000293.jpg, Obj Num: 2, Time: 5.767204761505127
Frame: 0000294.jpg, Obj Num: 2, Time: 5.754120111465454
Frame: 0000295.jpg, Obj Num: 2, Time: 5.776079416275024
Frame: 0000296.jpg, Obj Num: 2, Time: 6.744998216629028
Frame: 0000297.jpg, Obj Num: 2, Time: 6.567666530609131
Frame: 0000298.jpg, Obj Num: 2, Time: 6.555297374725342
Frame: 0000299.jpg, Obj Num: 2, Time: 6.598685026168823
Frame: 0000300.jpg, Obj Num: 2, Time: 6.591137170791626
Frame: 0000301.jpg, Obj Num: 2, Time: 7.022945165634155
Frame: 0000302.jpg, Obj Num: 2, Time: 6.65882134437561
Frame: 0000303.jpg, Obj Num: 2, Time: 6.6889402866363525
Frame: 0000304.jpg, Obj Num: 2, Time: 6.361831903457642
Frame: 0000305.jpg, Obj Num: 2, Time: 6.754751920700073
Frame: 0000306.jpg, Obj Num: 2, Time: 7.13177227973938
Frame: 0000307.jpg, Obj Num: 2, Time: 6.780404567718506
Frame: 0000308.jpg, Obj Num: 2, Time: 6.74205207824707
Frame: 0000309.jpg, Obj Num: 2, Time: 6.840642690658569
Frame: 0000310.jpg, Obj Num: 2, Time: 6.846178770065308
Frame: 0000311.jpg, Obj Num: 2, Time: 7.27717661857605
Frame: 0000312.jpg, Obj Num: 2, Time: 6.722675561904907
Frame: 0000313.jpg, Obj Num: 2, Time: 6.9366135597229
Frame: 0000314.jpg, Obj Num: 2, Time: 6.939409971237183
Frame: 0000315.jpg, Obj Num: 2, Time: 6.984944581985474
Frame: 0000316.jpg, Obj Num: 2, Time: 7.328494310379028
Frame: 0000317.jpg, Obj Num: 2, Time: 7.001487493515015
Frame: 0000318.jpg, Obj Num: 2, Time: 7.016399383544922
Frame: 0000319.jpg, Obj Num: 2, Time: 7.0666422843933105
Frame: 0000320.jpg, Obj Num: 2, Time: 7.241309642791748
Frame: 0000321.jpg, Obj Num: 2, Time: 7.113051176071167
Frame: 0000322.jpg, Obj Num: 2, Time: 7.109488010406494
Frame: 0000323.jpg, Obj Num: 2, Time: 7.135082006454468
Frame: 0000324.jpg, Obj Num: 2, Time: 7.528123140335083
Frame: 0000325.jpg, Obj Num: 2, Time: 7.207423210144043
Frame: 0000326.jpg, Obj Num: 2, Time: 7.207848310470581
Frame: 0000327.jpg, Obj Num: 2, Time: 7.201468229293823
Frame: 0000328.jpg, Obj Num: 2, Time: 7.431401252746582
Frame: 0000329.jpg, Obj Num: 2, Time: 7.287817716598511
Frame: 0000330.jpg, Obj Num: 2, Time: 7.242324352264404
Frame: 0000331.jpg, Obj Num: 2, Time: 7.298087120056152
Frame: 0000332.jpg, Obj Num: 2, Time: 7.707510709762573
Frame: 0000333.jpg, Obj Num: 2, Time: 7.351275682449341
Frame: 0000334.jpg, Obj Num: 2, Time: 7.368147850036621
Frame: 0000335.jpg, Obj Num: 2, Time: 7.406435489654541
Frame: 0000336.jpg, Obj Num: 2, Time: 7.38175368309021
Frame: 0000337.jpg, Obj Num: 2, Time: 7.439502716064453
Frame: 0000338.jpg, Obj Num: 2, Time: 7.414422273635864
Frame: 0000339.jpg, Obj Num: 2, Time: 7.417906045913696
Frame: 0000340.jpg, Obj Num: 2, Time: 7.864627122879028
Frame: 0000341.jpg, Obj Num: 2, Time: 7.511178016662598
Frame: 0000342.jpg, Obj Num: 2, Time: 7.500288724899292
Frame: 0000343.jpg, Obj Num: 2, Time: 7.556441783905029
Frame: 0000344.jpg, Obj Num: 2, Time: 7.796196937561035
Frame: 0000345.jpg, Obj Num: 2, Time: 7.611924171447754
Frame: 0000346.jpg, Obj Num: 2, Time: 7.590313196182251
Frame: 0000347.jpg, Obj Num: 2, Time: 7.649648666381836
Frame: 0000348.jpg, Obj Num: 2, Time: 8.168518304824829
Frame: 0000349.jpg, Obj Num: 2, Time: 7.672429800033569
Frame: 0000350.jpg, Obj Num: 2, Time: 7.689077615737915
Frame: 0000351.jpg, Obj Num: 2, Time: 7.723504304885864
Frame: 0000352.jpg, Obj Num: 2, Time: 7.899723052978516
Frame: 0000353.jpg, Obj Num: 2, Time: 7.731947183609009
Frame: 0000354.jpg, Obj Num: 2, Time: 7.7266013622283936
Frame: 0000355.jpg, Obj Num: 2, Time: 7.771605491638184
Frame: 0000356.jpg, Obj Num: 2, Time: 8.28374195098877
Frame: 0000357.jpg, Obj Num: 2, Time: 7.850074052810669
Frame: 0000358.jpg, Obj Num: 2, Time: 7.840585231781006
Frame: 0000359.jpg, Obj Num: 2, Time: 7.894951343536377
Frame: 0000360.jpg, Obj Num: 2, Time: 8.205060482025146
Frame: 0000361.jpg, Obj Num: 2, Time: 7.976919651031494
Frame: 0000362.jpg, Obj Num: 2, Time: 7.8927929401397705
Frame: 0000363.jpg, Obj Num: 2, Time: 7.970895290374756
Frame: 0000364.jpg, Obj Num: 2, Time: 8.44190526008606
Frame: 0000365.jpg, Obj Num: 2, Time: 7.978668928146362
Frame: 0000366.jpg, Obj Num: 2, Time: 8.004575967788696
Frame: 0000367.jpg, Obj Num: 2, Time: 8.029335975646973
Frame: 0000368.jpg, Obj Num: 2, Time: 8.157074451446533
Frame: 0000369.jpg, Obj Num: 2, Time: 8.08796763420105
Frame: 0000370.jpg, Obj Num: 2, Time: 8.077497959136963
Frame: 0000371.jpg, Obj Num: 2, Time: 8.10723876953125
Frame: 0000372.jpg, Obj Num: 2, Time: 8.64370059967041
Frame: 0000373.jpg, Obj Num: 2, Time: 8.19843578338623
Frame: 0000374.jpg, Obj Num: 2, Time: 8.166002988815308
Frame: 0000375.jpg, Obj Num: 2, Time: 8.699863195419312
Frame: 0000376.jpg, Obj Num: 2, Time: 7.948089122772217
Frame: 0000377.jpg, Obj Num: 2, Time: 8.283669471740723
Frame: 0000378.jpg, Obj Num: 2, Time: 8.722382068634033
Frame: 0000379.jpg, Obj Num: 2, Time: 8.278445959091187
Frame: 0000380.jpg, Obj Num: 2, Time: 8.228084325790405
Frame: 0000381.jpg, Obj Num: 2, Time: 8.812922239303589
Frame: 0000382.jpg, Obj Num: 2, Time: 8.35005807876587
Frame: 0000383.jpg, Obj Num: 2, Time: 8.427162885665894
Frame: 0000384.jpg, Obj Num: 2, Time: 8.569369316101074
Frame: 0000385.jpg, Obj Num: 2, Time: 8.420304298400879
Frame: 0000386.jpg, Obj Num: 2, Time: 8.466952085494995
Frame: 0000387.jpg, Obj Num: 2, Time: 8.938963890075684
Frame: 0000388.jpg, Obj Num: 2, Time: 8.378469705581665
Frame: 0000389.jpg, Obj Num: 2, Time: 8.55399489402771
Frame: 0000390.jpg, Obj Num: 2, Time: 9.038213968276978
Frame: 0000391.jpg, Obj Num: 2, Time: 8.58281946182251
Frame: 0000392.jpg, Obj Num: 2, Time: 8.311758041381836
Frame: 0000393.jpg, Obj Num: 2, Time: 9.14980435371399
Frame: 0000394.jpg, Obj Num: 2, Time: 8.60277271270752
Frame: 0000395.jpg, Obj Num: 2, Time: 8.694748878479004
Frame: 0000396.jpg, Obj Num: 2, Time: 9.107604026794434
Frame: 0000397.jpg, Obj Num: 2, Time: 8.737812519073486
Frame: 0000398.jpg, Obj Num: 2, Time: 8.767897367477417
Frame: 0000399.jpg, Obj Num: 2, Time: 9.349589109420776
Frame: 0000400.jpg, Obj Num: 2, Time: 8.383720874786377
Frame: 0000401.jpg, Obj Num: 2, Time: 8.831340312957764
Frame: 0000402.jpg, Obj Num: 2, Time: 9.532853603363037
Frame: 0000403.jpg, Obj Num: 2, Time: 8.857062101364136
Frame: 0000404.jpg, Obj Num: 2, Time: 8.811632871627808
Frame: 0000405.jpg, Obj Num: 2, Time: 9.499672174453735
Frame: 0000406.jpg, Obj Num: 2, Time: 8.956931352615356
Frame: 0000407.jpg, Obj Num: 2, Time: 8.983237743377686
Frame: 0000408.jpg, Obj Num: 2, Time: 9.27600359916687
Frame: 0000409.jpg, Obj Num: 2, Time: 9.045290470123291
Frame: 0000410.jpg, Obj Num: 2, Time: 9.025255680084229
Frame: 0000411.jpg, Obj Num: 2, Time: 9.601765871047974
Frame: 0000412.jpg, Obj Num: 2, Time: 9.076879262924194
Frame: 0000413.jpg, Obj Num: 2, Time: 9.179307460784912
Frame: 0000414.jpg, Obj Num: 2, Time: 9.77446985244751
Frame: 0000415.jpg, Obj Num: 2, Time: 9.258073568344116
Frame: 0000416.jpg, Obj Num: 2, Time: 9.014882326126099
Frame: 0000417.jpg, Obj Num: 2, Time: 9.835769414901733
Frame: 0000418.jpg, Obj Num: 2, Time: 9.327337503433228
Frame: 0000419.jpg, Obj Num: 2, Time: 9.307084560394287
Frame: 0000420.jpg, Obj Num: 2, Time: 9.814921855926514
Frame: 0000421.jpg, Obj Num: 2, Time: 9.39785885810852
Frame: 0000422.jpg, Obj Num: 2, Time: 9.409505367279053
Frame: 0000423.jpg, Obj Num: 2, Time: 10.010898113250732
Frame: 0000424.jpg, Obj Num: 2, Time: 9.189950466156006
Frame: 0000425.jpg, Obj Num: 2, Time: 9.875266551971436
Frame: 0000426.jpg, Obj Num: 2, Time: 9.46215271949768
Frame: 0000427.jpg, Obj Num: 2, Time: 9.925275564193726
Frame: 0000428.jpg, Obj Num: 2, Time: 9.446000576019287
Frame: 0000429.jpg, Obj Num: 2, Time: 9.958783864974976
Frame: 0000430.jpg, Obj Num: 2, Time: 9.582749128341675
Frame: 0000431.jpg, Obj Num: 2, Time: 10.156456232070923
Frame: 0000432.jpg, Obj Num: 2, Time: 9.352553844451904
Frame: 0000433.jpg, Obj Num: 2, Time: 10.180413246154785
Frame: 0000434.jpg, Obj Num: 2, Time: 9.831138372421265
Frame: 0000435.jpg, Obj Num: 2, Time: 10.2262442111969
Frame: 0000436.jpg, Obj Num: 2, Time: 9.738713026046753
Frame: 0000437.jpg, Obj Num: 2, Time: 10.321396827697754
Frame: 0000438.jpg, Obj Num: 2, Time: 9.909424543380737
Frame: 0000439.jpg, Obj Num: 2, Time: 10.360152959823608
Frame: 0000440.jpg, Obj Num: 2, Time: 9.720833778381348
Frame: 0000441.jpg, Obj Num: 2, Time: 10.398000001907349
Frame: 0000442.jpg, Obj Num: 2, Time: 9.976504564285278
Frame: 0000443.jpg, Obj Num: 2, Time: 10.455630540847778
Frame: 0000444.jpg, Obj Num: 2, Time: 9.938823699951172
Frame: 0000445.jpg, Obj Num: 2, Time: 10.485379219055176
Frame: 0000446.jpg, Obj Num: 2, Time: 10.113445520401001
Frame: 0000447.jpg, Obj Num: 2, Time: 10.565729856491089
Frame: 0000448.jpg, Obj Num: 2, Time: 10.097204446792603
Frame: 0000449.jpg, Obj Num: 2, Time: 10.564552783966064
Frame: 0000450.jpg, Obj Num: 2, Time: 10.200072526931763
Frame: 0000451.jpg, Obj Num: 2, Time: 11.684141397476196
Frame: 0000452.jpg, Obj Num: 2, Time: 11.185335874557495
Frame: 0000453.jpg, Obj Num: 2, Time: 11.741982698440552
Frame: 0000454.jpg, Obj Num: 2, Time: 11.33230447769165
Frame: 0000455.jpg, Obj Num: 2, Time: 11.757096767425537
Frame: 0000456.jpg, Obj Num: 2, Time: 11.12352728843689
Frame: 0000457.jpg, Obj Num: 2, Time: 11.868541955947876
Frame: 0000458.jpg, Obj Num: 2, Time: 11.436993837356567
Frame: 0000459.jpg, Obj Num: 2, Time: 11.900529384613037
Frame: 0000460.jpg, Obj Num: 2, Time: 11.433002948760986
Frame: 0000461.jpg, Obj Num: 2, Time: 11.977837085723877
Frame: 0000462.jpg, Obj Num: 2, Time: 11.55027723312378
Frame: 0000463.jpg, Obj Num: 2, Time: 12.047236442565918
Frame: 0000464.jpg, Obj Num: 2, Time: 11.053356409072876
Frame: 0000465.jpg, Obj Num: 2, Time: 12.056903600692749
Frame: 0000466.jpg, Obj Num: 2, Time: 11.656428337097168
Frame: 0000467.jpg, Obj Num: 2, Time: 12.147873163223267
Frame: 0000468.jpg, Obj Num: 2, Time: 11.640825033187866
Frame: 0000469.jpg, Obj Num: 2, Time: 12.183101654052734
Frame: 0000470.jpg, Obj Num: 2, Time: 11.764564514160156
Frame: 0000471.jpg, Obj Num: 2, Time: 12.273367166519165
Frame: 0000472.jpg, Obj Num: 2, Time: 11.585865259170532
Frame: 0000473.jpg, Obj Num: 2, Time: 12.319171667098999
Frame: 0000474.jpg, Obj Num: 2, Time: 11.87165904045105
Frame: 0000475.jpg, Obj Num: 2, Time: 12.370141744613647
Frame: 0000476.jpg, Obj Num: 2, Time: 11.8892662525177
Frame: 0000477.jpg, Obj Num: 2, Time: 12.422053813934326
Frame: 0000478.jpg, Obj Num: 2, Time: 11.995375394821167
Frame: 0000479.jpg, Obj Num: 2, Time: 12.460426092147827
Frame: 0000480.jpg, Obj Num: 2, Time: 11.309597492218018
Frame: 0000481.jpg, Obj Num: 2, Time: 12.516799211502075
Frame: 0000482.jpg, Obj Num: 2, Time: 12.067102909088135
Frame: 0000483.jpg, Obj Num: 2, Time: 12.573907375335693
Frame: 0000484.jpg, Obj Num: 2, Time: 12.092341899871826
Frame: 0000485.jpg, Obj Num: 2, Time: 12.636028289794922
Frame: 0000486.jpg, Obj Num: 2, Time: 12.201164722442627
Frame: 0000487.jpg, Obj Num: 2, Time: 12.695590019226074
Frame: 0000488.jpg, Obj Num: 2, Time: 11.965905904769897
Frame: 0000489.jpg, Obj Num: 2, Time: 12.841826677322388
Frame: 0000490.jpg, Obj Num: 2, Time: 12.299797773361206
Frame: 0000491.jpg, Obj Num: 2, Time: 12.804187297821045
Frame: 0000492.jpg, Obj Num: 2, Time: 12.310727834701538
Frame: 0000493.jpg, Obj Num: 2, Time: 12.895971059799194
Frame: 0000494.jpg, Obj Num: 2, Time: 12.432880163192749
Frame: 0000495.jpg, Obj Num: 2, Time: 12.92915153503418
Frame: 0000496.jpg, Obj Num: 2, Time: 11.772218704223633
Frame: 0000497.jpg, Obj Num: 2, Time: 12.980772495269775
Frame: 0000498.jpg, Obj Num: 2, Time: 12.47180724143982
Frame: 0000499.jpg, Obj Num: 2, Time: 12.942065238952637
Frame: 0000500.jpg, Obj Num: 2, Time: 12.418018341064453
Frame: 0000501.jpg, Obj Num: 2, Time: 12.95183253288269
Frame: 0000502.jpg, Obj Num: 2, Time: 12.57806921005249
Frame: 0000503.jpg, Obj Num: 2, Time: 13.044292211532593
Frame: 0000504.jpg, Obj Num: 2, Time: 12.497578382492065
Frame: 0000505.jpg, Obj Num: 2, Time: 12.955332040786743
Frame: 0000506.jpg, Obj Num: 2, Time: 12.97256326675415
Frame: 0000507.jpg, Obj Num: 2, Time: 12.993000984191895
Frame: 0000508.jpg, Obj Num: 2, Time: 12.909156322479248
Frame: 0000509.jpg, Obj Num: 2, Time: 13.065857887268066
Frame: 0000510.jpg, Obj Num: 2, Time: 13.09805941581726
Frame: 0000511.jpg, Obj Num: 2, Time: 13.190341711044312
Frame: 0000512.jpg, Obj Num: 2, Time: 12.741047859191895
Frame: 0000513.jpg, Obj Num: 2, Time: 13.24843454360962
Frame: 0000514.jpg, Obj Num: 2, Time: 13.186007499694824
Frame: 0000515.jpg, Obj Num: 2, Time: 13.203336238861084
Frame: 0000516.jpg, Obj Num: 2, Time: 13.157971143722534
Frame: 0000517.jpg, Obj Num: 2, Time: 13.278775691986084
Frame: 0000518.jpg, Obj Num: 2, Time: 13.3145911693573
Frame: 0000519.jpg, Obj Num: 2, Time: 13.377203941345215
Frame: 0000520.jpg, Obj Num: 2, Time: 12.936106204986572
Frame: 0000521.jpg, Obj Num: 2, Time: 13.438058853149414
Frame: 0000522.jpg, Obj Num: 2, Time: 13.431787967681885
Frame: 0000523.jpg, Obj Num: 2, Time: 13.475215673446655
Frame: 0000524.jpg, Obj Num: 2, Time: 13.380043983459473
Frame: 0000525.jpg, Obj Num: 2, Time: 13.554949283599854
Frame: 0000526.jpg, Obj Num: 2, Time: 13.456043481826782
Frame: 0000527.jpg, Obj Num: 2, Time: 13.471635818481445
Frame: 0000528.jpg, Obj Num: 2, Time: 12.620409488677979
Frame: 0000529.jpg, Obj Num: 2, Time: 13.535425186157227
Frame: 0000530.jpg, Obj Num: 2, Time: 13.517623662948608
Frame: 0000531.jpg, Obj Num: 2, Time: 13.51922059059143
Frame: 0000532.jpg, Obj Num: 2, Time: 13.430918216705322
Frame: 0000533.jpg, Obj Num: 2, Time: 13.595241069793701
Frame: 0000534.jpg, Obj Num: 2, Time: 13.637258529663086
Frame: 0000535.jpg, Obj Num: 2, Time: 13.700981855392456
Frame: 0000536.jpg, Obj Num: 2, Time: 13.264227390289307
Frame: 0000537.jpg, Obj Num: 2, Time: 13.80545425415039
Frame: 0000538.jpg, Obj Num: 2, Time: 13.754416465759277
Frame: 0000539.jpg, Obj Num: 2, Time: 13.761949300765991
Frame: 0000540.jpg, Obj Num: 2, Time: 13.666941165924072
Frame: 0000541.jpg, Obj Num: 2, Time: 13.922014474868774
Frame: 0000542.jpg, Obj Num: 2, Time: 13.879013776779175
Frame: 0000543.jpg, Obj Num: 2, Time: 13.967120885848999
Frame: 0000544.jpg, Obj Num: 2, Time: 13.104727029800415
Frame: 0000545.jpg, Obj Num: 2, Time: 14.008701086044312
Frame: 0000546.jpg, Obj Num: 2, Time: 13.891425132751465
Frame: 0000547.jpg, Obj Num: 2, Time: 13.995425939559937
Frame: 0000548.jpg, Obj Num: 2, Time: 13.953193664550781
Frame: 0000549.jpg, Obj Num: 2, Time: 14.068379163742065
Frame: 0000550.jpg, Obj Num: 2, Time: 14.114297866821289
Frame: 0000551.jpg, Obj Num: 2, Time: 14.191004991531372
Frame: 0000552.jpg, Obj Num: 2, Time: 13.703841209411621
Frame: 0000553.jpg, Obj Num: 2, Time: 14.256781816482544
Frame: 0000554.jpg, Obj Num: 2, Time: 14.187231302261353
Frame: 0000555.jpg, Obj Num: 2, Time: 14.307147026062012
Frame: 0000556.jpg, Obj Num: 2, Time: 14.154857635498047
Frame: 0000557.jpg, Obj Num: 2, Time: 14.211597919464111
Frame: 0000558.jpg, Obj Num: 2, Time: 14.246045112609863
Frame: 0000559.jpg, Obj Num: 2, Time: 14.281616926193237
Frame: 0000560.jpg, Obj Num: 2, Time: 13.55597448348999
Frame: 0000561.jpg, Obj Num: 2, Time: 14.406763792037964
Frame: 0000562.jpg, Obj Num: 2, Time: 14.327252864837646
Frame: 0000563.jpg, Obj Num: 2, Time: 14.347234010696411
Frame: 0000564.jpg, Obj Num: 2, Time: 14.179138898849487
Frame: 0000565.jpg, Obj Num: 2, Time: 14.450756072998047
Frame: 0000566.jpg, Obj Num: 2, Time: 14.477184295654297
Frame: 0000567.jpg, Obj Num: 2, Time: 14.5299391746521
Frame: 0000568.jpg, Obj Num: 2, Time: 13.953942775726318
Frame: 0000569.jpg, Obj Num: 2, Time: 14.567371845245361
Frame: 0000570.jpg, Obj Num: 2, Time: 14.546396255493164
Frame: 0000571.jpg, Obj Num: 2, Time: 14.589026689529419
Frame: 0000572.jpg, Obj Num: 2, Time: 14.403740644454956
Frame: 0000573.jpg, Obj Num: 2, Time: 14.658857822418213
Frame: 0000574.jpg, Obj Num: 2, Time: 14.632697582244873
Frame: 0000575.jpg, Obj Num: 2, Time: 14.688735246658325
Frame: 0000576.jpg, Obj Num: 2, Time: 14.21661376953125
Frame: 0000577.jpg, Obj Num: 2, Time: 14.861724138259888
Frame: 0000578.jpg, Obj Num: 2, Time: 14.816380977630615
Frame: 0000579.jpg, Obj Num: 2, Time: 14.782736539840698
Frame: 0000580.jpg, Obj Num: 2, Time: 14.637157440185547
Frame: 0000581.jpg, Obj Num: 2, Time: 14.861391067504883
Frame: 0000582.jpg, Obj Num: 2, Time: 14.941282510757446
Frame: 0000583.jpg, Obj Num: 2, Time: 15.017035961151123
Frame: 0000584.jpg, Obj Num: 2, Time: 14.408506631851196
Frame: 0000585.jpg, Obj Num: 2, Time: 14.999614953994751
Frame: 0000586.jpg, Obj Num: 2, Time: 15.008750915527344
Frame: 0000587.jpg, Obj Num: 2, Time: 15.036994695663452
Frame: 0000588.jpg, Obj Num: 2, Time: 14.872032642364502
Frame: 0000589.jpg, Obj Num: 2, Time: 15.119771242141724
Frame: 0000590.jpg, Obj Num: 2, Time: 15.113340139389038
Frame: 0000591.jpg, Obj Num: 2, Time: 15.250951766967773
Frame: 0000592.jpg, Obj Num: 2, Time: 13.639755725860596
Frame: 0000593.jpg, Obj Num: 2, Time: 14.295614957809448
Frame: 0000594.jpg, Obj Num: 2, Time: 14.299559116363525
Frame: 0000595.jpg, Obj Num: 2, Time: 14.361136436462402
Frame: 0000596.jpg, Obj Num: 2, Time: 14.051996231079102
Frame: 0000597.jpg, Obj Num: 2, Time: 14.335651159286499
Frame: 0000598.jpg, Obj Num: 2, Time: 14.345783233642578
Frame: 0000599.jpg, Obj Num: 2, Time: 14.455467462539673
Frame: 0000600.jpg, Obj Num: 2, Time: 13.986026763916016
Frame: 0000601.jpg, Obj Num: 2, Time: 14.484882831573486
Frame: 0000602.jpg, Obj Num: 2, Time: 14.468470335006714
Frame: 0000603.jpg, Obj Num: 2, Time: 14.491753816604614
Frame: 0000604.jpg, Obj Num: 2, Time: 14.297747611999512
Frame: 0000605.jpg, Obj Num: 2, Time: 14.578139305114746
Frame: 0000606.jpg, Obj Num: 2, Time: 14.541497230529785
Frame: 0000607.jpg, Obj Num: 2, Time: 14.67492961883545
Frame: 0000608.jpg, Obj Num: 2, Time: 14.222604274749756
Frame: 0000609.jpg, Obj Num: 2, Time: 14.748245000839233
Frame: 0000610.jpg, Obj Num: 2, Time: 14.638911724090576
Frame: 0000611.jpg, Obj Num: 2, Time: 14.702809572219849
Frame: 0000612.jpg, Obj Num: 2, Time: 14.491341352462769
Frame: 0000613.jpg, Obj Num: 2, Time: 14.732244729995728
Frame: 0000614.jpg, Obj Num: 2, Time: 14.843740940093994
Frame: 0000615.jpg, Obj Num: 2, Time: 14.862449407577515
Frame: 0000616.jpg, Obj Num: 2, Time: 14.349760293960571
Frame: 0000617.jpg, Obj Num: 2, Time: 14.933572769165039
Frame: 0000618.jpg, Obj Num: 2, Time: 14.861480712890625
Frame: 0000619.jpg, Obj Num: 2, Time: 14.919899463653564
Frame: 0000620.jpg, Obj Num: 2, Time: 14.715855836868286
Frame: 0000621.jpg, Obj Num: 2, Time: 15.055070400238037
Frame: 0000622.jpg, Obj Num: 2, Time: 14.971800088882446
Frame: 0000623.jpg, Obj Num: 2, Time: 15.055920362472534
Frame: 0000624.jpg, Obj Num: 2, Time: 14.40039610862732
Frame: 0000625.jpg, Obj Num: 2, Time: 15.239630222320557
Frame: 0000626.jpg, Obj Num: 2, Time: 15.113523006439209
Frame: 0000627.jpg, Obj Num: 2, Time: 15.120474338531494
Frame: 0000628.jpg, Obj Num: 2, Time: 14.941435098648071
Frame: 0000629.jpg, Obj Num: 2, Time: 15.125539302825928
Frame: 0000630.jpg, Obj Num: 2, Time: 15.201197862625122
Frame: 0000631.jpg, Obj Num: 2, Time: 15.453006982803345
Frame: 0000632.jpg, Obj Num: 2, Time: 14.998728513717651
Frame: 0000633.jpg, Obj Num: 2, Time: 15.456303834915161
Frame: 0000634.jpg, Obj Num: 2, Time: 15.351137161254883
Frame: 0000635.jpg, Obj Num: 2, Time: 15.430663824081421
Frame: 0000636.jpg, Obj Num: 2, Time: 15.23046875
Frame: 0000637.jpg, Obj Num: 2, Time: 15.496843814849854
Frame: 0000638.jpg, Obj Num: 2, Time: 15.492983341217041
Frame: 0000639.jpg, Obj Num: 2, Time: 15.552869319915771
Frame: 0000640.jpg, Obj Num: 2, Time: 15.382094621658325
Frame: 0000641.jpg, Obj Num: 2, Time: 15.597502946853638
Frame: 0000642.jpg, Obj Num: 2, Time: 15.520702362060547
Frame: 0000643.jpg, Obj Num: 2, Time: 15.592790603637695
Frame: 0000644.jpg, Obj Num: 2, Time: 15.506560564041138
Frame: 0000645.jpg, Obj Num: 2, Time: 15.715566873550415
Frame: 0000646.jpg, Obj Num: 2, Time: 15.708327293395996
Frame: 0000647.jpg, Obj Num: 2, Time: 15.799309968948364
Frame: 0000648.jpg, Obj Num: 2, Time: 15.400537014007568
Frame: 0000649.jpg, Obj Num: 2, Time: 15.839207649230957
Frame: 0000650.jpg, Obj Num: 2, Time: 15.815385341644287
Frame: 0000651.jpg, Obj Num: 2, Time: 15.84960126876831
Frame: 0000652.jpg, Obj Num: 2, Time: 15.660260677337646
Frame: 0000653.jpg, Obj Num: 2, Time: 15.890859842300415
Frame: 0000654.jpg, Obj Num: 2, Time: 15.930940628051758
Frame: 0000655.jpg, Obj Num: 2, Time: 16.106437921524048
Frame: 0000656.jpg, Obj Num: 2, Time: 15.540900230407715
Frame: 0000657.jpg, Obj Num: 2, Time: 16.128984689712524
Frame: 0000658.jpg, Obj Num: 2, Time: 15.979300022125244
Frame: 0000659.jpg, Obj Num: 2, Time: 16.0582754611969
Frame: 0000660.jpg, Obj Num: 2, Time: 15.91969919204712
Frame: 0000661.jpg, Obj Num: 2, Time: 16.106933116912842
Frame: 0000662.jpg, Obj Num: 2, Time: 16.13331961631775
Frame: 0000663.jpg, Obj Num: 2, Time: 16.215202808380127
Frame: 0000664.jpg, Obj Num: 2, Time: 15.844988822937012
Frame: 0000665.jpg, Obj Num: 2, Time: 16.282219886779785
Frame: 0000666.jpg, Obj Num: 2, Time: 16.245424032211304
Traceback (most recent call last):
  File "/home/bingxing2/home/scx8ah2/jiaxin/DeformVOS/methods/CFBI/tools/eval_net.py", line 72, in <module>
    main()
  File "/home/bingxing2/home/scx8ah2/jiaxin/DeformVOS/methods/CFBI/tools/eval_net.py", line 69, in main
    evaluator.evaluating()
  File "/home/bingxing2/home/scx8ah2/jiaxin/DeformVOS/methods/CFBI/./networks/engine/eval_manager.py", line 210, in evaluating
    all_pred, current_embedding = self.model.forward_for_eval(ref_emb, ref_m, prev_emb, prev_m, current_img, gt_ids=obj_num, pred_size=[ori_height,ori_width])
  File "/home/bingxing2/home/scx8ah2/jiaxin/DeformVOS/methods/CFBI/./networks/cfbi/cfbi.py", line 85, in forward_for_eval
    tmp_dic, _ = self.before_seghead_process(
  File "/home/bingxing2/home/scx8ah2/jiaxin/DeformVOS/methods/CFBI/./networks/cfbi/cfbi.py", line 177, in before_seghead_process
    global_matching_fg = global_matching_for_eval(
  File "/home/bingxing2/home/scx8ah2/jiaxin/DeformVOS/methods/CFBI/./networks/layers/matching.py", line 320, in global_matching_for_eval
    reference_embeddings_flat = torch.masked_select(reference_embeddings_flat, 
torch.cuda.OutOfMemoryError: CUDA out of memory. Tried to allocate 9.51 GiB. GPU 0 has a total capacty of 39.39 GiB of which 9.50 GiB is free. Including non-PyTorch memory, this process has 29.88 GiB memory in use. Of the allocated memory 25.96 GiB is allocated by PyTorch, and 3.42 GiB is reserved by PyTorch but unallocated. If reserved but unallocated memory is large try setting max_split_size_mb to avoid fragmentation.  See documentation for Memory Management and PYTORCH_CUDA_ALLOC_CONF
