cuda-11.8 loaded successful
gcc-9.3.0 loaded successful
/home/bingxing2/home/scx8ah2/.conda/envs/LLMSeg_cp310/lib/python3.10/site-packages/torchvision/io/image.py:13: UserWarning: Failed to load image Python extension: '/home/bingxing2/home/scx8ah2/.conda/envs/LLMSeg_cp310/lib/python3.10/site-packages/torchvision/image.so: undefined symbol: _ZN5torch3jit17parseSchemaOrNameERKSs'If you don't plan on using image functionality from `torchvision.io`, you can ignore this warning. Otherwise, there might be something wrong with your environment. Did you have `libjpeg` or `libpng` installed before building `torchvision` from source?
  warn(
{'EXP_NAME': 'resnet101_cfbi', 'DIR_ROOT': './', 'DIR_DATA': './datasets', 'DIR_DAVIS': './datasets/DAVIS', 'DIR_VOST': './datasets/VOST', 'DIR_ROVES': './datasets/ROVES', 'DIR_YTB': './datasets/YTB/train', 'DIR_YTB_EVAL': './datasets/YTB/valid', 'DIR_RESULT': './result/resnet101_cfbi', 'DIR_CKPT': './result/resnet101_cfbi/ckpt', 'DIR_LOG': './result/resnet101_cfbi/log', 'DIR_IMG_LOG': './result/resnet101_cfbi/log/img', 'DIR_TB_LOG': './result/resnet101_cfbi/log/tensorboard', 'DIR_EVALUATION': './result/resnet101_cfbi/eval', 'DATASETS': ['youtubevos'], 'DATA_WORKERS': 4, 'DATA_RANDOMCROP': (465, 465), 'DATA_RANDOMFLIP': 0.5, 'DATA_MAX_CROP_STEPS': 5, 'DATA_MIN_SCALE_FACTOR': 1.0, 'DATA_MAX_SCALE_FACTOR': 1.3, 'DATA_SHORT_EDGE_LEN': 480, 'DATA_RANDOM_REVERSE_SEQ': True, 'DATA_DAVIS_REPEAT': 30, 'DATA_CURR_SEQ_LEN': 3, 'DATA_RANDOM_GAP_DAVIS': 3, 'DATA_RANDOM_GAP_YTB': 3, 'PRETRAIN': True, 'PRETRAIN_FULL': False, 'PRETRAIN_MODEL': './pretrain_models/resnet101-deeplabv3p.pth.tar', 'MODEL_BACKBONE': 'resnet', 'MODEL_MODULE': 'networks.cfbi.cfbi', 'MODEL_OUTPUT_STRIDE': 16, 'MODEL_ASPP_OUTDIM': 256, 'MODEL_SHORTCUT_DIM': 48, 'MODEL_SEMANTIC_EMBEDDING_DIM': 100, 'MODEL_HEAD_EMBEDDING_DIM': 256, 'MODEL_PRE_HEAD_EMBEDDING_DIM': 64, 'MODEL_GN_GROUPS': 32, 'MODEL_GN_EMB_GROUPS': 25, 'MODEL_MULTI_LOCAL_DISTANCE': [2, 4, 6, 8, 10, 12], 'MODEL_LOCAL_DOWNSAMPLE': True, 'MODEL_REFINE_CHANNELS': 64, 'MODEL_LOW_LEVEL_INPLANES': 256, 'MODEL_RELATED_CHANNELS': 64, 'MODEL_EPSILON': 1e-05, 'MODEL_MATCHING_BACKGROUND': True, 'MODEL_GCT_BETA_WD': True, 'MODEL_FLOAT16_MATCHING': False, 'MODEL_FREEZE_BN': True, 'MODEL_FREEZE_BACKBONE': False, 'TRAIN_TOTAL_STEPS': 100000, 'TRAIN_START_STEP': 0, 'TRAIN_LR': 0.01, 'TRAIN_MOMENTUM': 0.9, 'TRAIN_COSINE_DECAY': False, 'TRAIN_WARM_UP_STEPS': 1000, 'TRAIN_WEIGHT_DECAY': 0.00015, 'TRAIN_POWER': 0.9, 'TRAIN_GPUS': 4, 'TRAIN_BATCH_SIZE': 8, 'TRAIN_START_SEQ_TRAINING_STEPS': 50000.0, 'TRAIN_TBLOG': False, 'TRAIN_TBLOG_STEP': 60, 'TRAIN_LOG_STEP': 20, 'TRAIN_IMG_LOG': False, 'TRAIN_TOP_K_PERCENT_PIXELS': 0.15, 'TRAIN_HARD_MINING_STEP': 50000.0, 'TRAIN_CLIP_GRAD_NORM': 5.0, 'TRAIN_SAVE_STEP': 1000, 'TRAIN_MAX_KEEP_CKPT': 8, 'TRAIN_RESUME': False, 'TRAIN_RESUME_CKPT': None, 'TRAIN_RESUME_STEP': 0, 'TRAIN_AUTO_RESUME': True, 'TRAIN_GLOBAL_ATROUS_RATE': 1, 'TRAIN_LOCAL_ATROUS_RATE': 1, 'TRAIN_LOCAL_PARALLEL': True, 'TRAIN_GLOBAL_CHUNKS': 20, 'TRAIN_DATASET_FULL_RESOLUTION': True, 'TEST_GPU_ID': 0, 'TEST_DATASET': 'roves', 'TEST_DATASET_FULL_RESOLUTION': False, 'TEST_DATASET_SPLIT': ['val'], 'TEST_CKPT_PATH': './pretrain_models/resnet101_cfbi.pth', 'TEST_CKPT_STEP': None, 'TEST_FLIP': False, 'TEST_MULTISCALE': [1.0], 'TEST_MIN_SIZE': None, 'TEST_MAX_SIZE': 1040.0, 'TEST_WORKERS': 4, 'TEST_GLOBAL_CHUNKS': 4, 'TEST_GLOBAL_ATROUS_RATE': 1, 'TEST_LOCAL_ATROUS_RATE': 1, 'TEST_LOCAL_PARALLEL': True, 'DIST_ENABLE': True, 'DIST_BACKEND': 'gloo', 'DIST_URL': 'file://./sharefile', 'DIST_START_GPU': 0}
Use GPU 0 for evaluating
Build backbone.
Use frozen BN in DeepLab!
Build VOS model.
Load checkpoint from ./pretrain_models/resnet101_cfbi.pth
Process dataset...
Eval resnet101_cfbi on roves:
Done!
0 :  93
1 :  320
2 :  377
3 :  151
4 :  321
5 :  330
6 :  190
7 :  365
8 :  197
9 :  111
10 :  232
11 :  321
12 :  110
13 :  337
14 :  485
15 :  317
16 :  359
17 :  328
18 :  331
19 :  326
20 :  75
21 :  326
22 :  162
23 :  433
24 :  379
25 :  349
26 :  291
27 :  197
28 :  151
29 :  325
30 :  309
31 :  263
32 :  86
33 :  316
34 :  333
35 :  346
36 :  231
37 :  341
38 :  89
39 :  187
40 :  239
41 :  333
42 :  306
43 :  406
44 :  268
45 :  313
46 :  325
47 :  349
Prcessing Seq mv_pepper_3 [1/48]:
Ref Frame: 0000000.jpg, Time: 0.6778771877288818
Frame: 0000001.jpg, Obj Num: 2, Time: 0.4257638454437256
Frame: 0000002.jpg, Obj Num: 2, Time: 0.2265026569366455
Frame: 0000003.jpg, Obj Num: 2, Time: 0.30883193016052246
Frame: 0000004.jpg, Obj Num: 2, Time: 0.39134788513183594
Frame: 0000005.jpg, Obj Num: 2, Time: 0.47699928283691406
Frame: 0000006.jpg, Obj Num: 2, Time: 0.562981367111206
Frame: 0000007.jpg, Obj Num: 2, Time: 0.6469261646270752
Frame: 0000008.jpg, Obj Num: 2, Time: 0.7270877361297607
Frame: 0000009.jpg, Obj Num: 2, Time: 0.8254895210266113
Frame: 0000010.jpg, Obj Num: 2, Time: 0.9196450710296631
Frame: 0000011.jpg, Obj Num: 2, Time: 1.0260584354400635
Frame: 0000012.jpg, Obj Num: 2, Time: 1.076493263244629
Frame: 0000013.jpg, Obj Num: 2, Time: 1.1888055801391602
Frame: 0000014.jpg, Obj Num: 2, Time: 1.2764229774475098
Frame: 0000015.jpg, Obj Num: 2, Time: 1.4665641784667969
Frame: 0000016.jpg, Obj Num: 2, Time: 1.4433913230895996
Frame: 0000017.jpg, Obj Num: 2, Time: 1.6324317455291748
Frame: 0000018.jpg, Obj Num: 2, Time: 1.6488425731658936
Frame: 0000019.jpg, Obj Num: 2, Time: 1.7692193984985352
Frame: 0000020.jpg, Obj Num: 2, Time: 1.7945458889007568
Frame: 0000021.jpg, Obj Num: 2, Time: 2.035010814666748
Frame: 0000022.jpg, Obj Num: 2, Time: 2.007297992706299
Frame: 0000023.jpg, Obj Num: 2, Time: 2.176604747772217
Frame: 0000024.jpg, Obj Num: 2, Time: 2.1891489028930664
Frame: 0000025.jpg, Obj Num: 2, Time: 2.486372709274292
Frame: 0000026.jpg, Obj Num: 2, Time: 2.4440085887908936
Frame: 0000027.jpg, Obj Num: 2, Time: 2.65864896774292
Frame: 0000028.jpg, Obj Num: 2, Time: 2.628248929977417
Frame: 0000029.jpg, Obj Num: 2, Time: 2.8706400394439697
Frame: 0000030.jpg, Obj Num: 2, Time: 2.86124849319458
Frame: 0000031.jpg, Obj Num: 2, Time: 2.9953904151916504
Frame: 0000032.jpg, Obj Num: 2, Time: 3.0809497833251953
Frame: 0000033.jpg, Obj Num: 2, Time: 3.406799077987671
Frame: 0000034.jpg, Obj Num: 2, Time: 3.4477341175079346
Frame: 0000035.jpg, Obj Num: 2, Time: 3.6388509273529053
Frame: 0000036.jpg, Obj Num: 2, Time: 3.5167272090911865
Frame: 0000037.jpg, Obj Num: 2, Time: 3.7424521446228027
Frame: 0000038.jpg, Obj Num: 2, Time: 3.947336196899414
Frame: 0000039.jpg, Obj Num: 2, Time: 3.9711661338806152
Frame: 0000040.jpg, Obj Num: 2, Time: 3.8117918968200684
Frame: 0000041.jpg, Obj Num: 2, Time: 4.2956321239471436
Frame: 0000042.jpg, Obj Num: 2, Time: 4.120052099227905
Frame: 0000043.jpg, Obj Num: 2, Time: 4.260583877563477
Frame: 0000044.jpg, Obj Num: 2, Time: 4.691070318222046
Frame: 0000045.jpg, Obj Num: 2, Time: 4.87903356552124
Frame: 0000046.jpg, Obj Num: 2, Time: 4.762210369110107
Frame: 0000047.jpg, Obj Num: 2, Time: 4.853891611099243
Frame: 0000048.jpg, Obj Num: 2, Time: 4.7796266078948975
Frame: 0000049.jpg, Obj Num: 2, Time: 4.97258186340332
Frame: 0000050.jpg, Obj Num: 2, Time: 4.7521843910217285
Frame: 0000051.jpg, Obj Num: 2, Time: 4.911969423294067
Frame: 0000052.jpg, Obj Num: 2, Time: 4.941778182983398
Frame: 0000053.jpg, Obj Num: 2, Time: 5.378021717071533
Frame: 0000054.jpg, Obj Num: 2, Time: 5.246423006057739
Frame: 0000055.jpg, Obj Num: 2, Time: 5.386682510375977
Frame: 0000056.jpg, Obj Num: 2, Time: 5.383716344833374
Frame: 0000057.jpg, Obj Num: 2, Time: 5.86729621887207
Frame: 0000058.jpg, Obj Num: 2, Time: 5.892106771469116
Frame: 0000059.jpg, Obj Num: 2, Time: 6.203648328781128
Frame: 0000060.jpg, Obj Num: 2, Time: 5.878380060195923
Frame: 0000061.jpg, Obj Num: 2, Time: 6.148145914077759
Frame: 0000062.jpg, Obj Num: 2, Time: 6.431201934814453
Frame: 0000063.jpg, Obj Num: 2, Time: 6.631556987762451
Frame: 0000064.jpg, Obj Num: 2, Time: 6.418824195861816
Frame: 0000065.jpg, Obj Num: 2, Time: 6.627621412277222
Frame: 0000066.jpg, Obj Num: 2, Time: 6.6961400508880615
Frame: 0000067.jpg, Obj Num: 2, Time: 6.809143304824829
Frame: 0000068.jpg, Obj Num: 2, Time: 6.858879089355469
Frame: 0000069.jpg, Obj Num: 2, Time: 7.093217134475708
Frame: 0000070.jpg, Obj Num: 2, Time: 7.205928087234497
Frame: 0000071.jpg, Obj Num: 2, Time: 7.33905029296875
Frame: 0000072.jpg, Obj Num: 2, Time: 7.383905649185181
Frame: 0000073.jpg, Obj Num: 2, Time: 7.998049974441528
Frame: 0000074.jpg, Obj Num: 2, Time: 7.799599885940552
Frame: 0000075.jpg, Obj Num: 2, Time: 8.323943138122559
Frame: 0000076.jpg, Obj Num: 2, Time: 8.375216960906982
Frame: 0000077.jpg, Obj Num: 2, Time: 8.405256509780884
Frame: 0000078.jpg, Obj Num: 2, Time: 8.088454961776733
Frame: 0000079.jpg, Obj Num: 2, Time: 8.189049482345581
Frame: 0000080.jpg, Obj Num: 2, Time: 7.760910749435425
Frame: 0000081.jpg, Obj Num: 2, Time: 8.527827739715576
Frame: 0000082.jpg, Obj Num: 2, Time: 8.31201434135437
Frame: 0000083.jpg, Obj Num: 2, Time: 9.208813428878784
Frame: 0000084.jpg, Obj Num: 2, Time: 8.222184896469116
Frame: 0000085.jpg, Obj Num: 2, Time: 8.661992311477661
Frame: 0000086.jpg, Obj Num: 2, Time: 8.674835205078125
Frame: 0000087.jpg, Obj Num: 2, Time: 8.941538333892822
Frame: 0000088.jpg, Obj Num: 2, Time: 9.282585144042969
Frame: 0000089.jpg, Obj Num: 2, Time: 9.918243646621704
Frame: 0000090.jpg, Obj Num: 2, Time: 9.119766473770142
Frame: 0000091.jpg, Obj Num: 2, Time: 9.284289360046387
Frame: 0000092.jpg, Obj Num: 2, Time: 9.381251335144043
Seq mv_pepper_3 FPS: 0.21100676253118075, Total FPS: 0.21100676253118075, FPS per Seq: 0.21100676253118075
Prcessing Seq break_brocolli_3 [2/48]:
Ref Frame: 0000000.jpg, Time: 0.03672504425048828
Frame: 0000001.jpg, Obj Num: 1, Time: 0.2797536849975586
Frame: 0000002.jpg, Obj Num: 1, Time: 0.2662167549133301
Frame: 0000003.jpg, Obj Num: 1, Time: 0.3762094974517822
Frame: 0000004.jpg, Obj Num: 1, Time: 0.4907522201538086
Frame: 0000005.jpg, Obj Num: 1, Time: 0.6256332397460938
Frame: 0000006.jpg, Obj Num: 1, Time: 0.7490439414978027
Frame: 0000007.jpg, Obj Num: 1, Time: 0.8916385173797607
Frame: 0000008.jpg, Obj Num: 1, Time: 0.9754910469055176
Frame: 0000009.jpg, Obj Num: 1, Time: 1.1305253505706787
Frame: 0000010.jpg, Obj Num: 1, Time: 1.2417514324188232
Frame: 0000011.jpg, Obj Num: 1, Time: 1.3716816902160645
Frame: 0000012.jpg, Obj Num: 1, Time: 1.4577031135559082
Frame: 0000013.jpg, Obj Num: 1, Time: 1.6126341819763184
Frame: 0000014.jpg, Obj Num: 1, Time: 1.7204978466033936
Frame: 0000015.jpg, Obj Num: 1, Time: 1.848365068435669
Frame: 0000016.jpg, Obj Num: 1, Time: 1.9104952812194824
Frame: 0000017.jpg, Obj Num: 1, Time: 2.0967113971710205
Frame: 0000018.jpg, Obj Num: 1, Time: 2.219315528869629
Frame: 0000019.jpg, Obj Num: 1, Time: 2.3331315517425537
Frame: 0000020.jpg, Obj Num: 1, Time: 2.402156352996826
Frame: 0000021.jpg, Obj Num: 1, Time: 2.614877939224243
Frame: 0000022.jpg, Obj Num: 1, Time: 2.694110155105591
Frame: 0000023.jpg, Obj Num: 1, Time: 2.839454412460327
Frame: 0000024.jpg, Obj Num: 1, Time: 2.8818156719207764
Frame: 0000025.jpg, Obj Num: 1, Time: 3.074040651321411
Frame: 0000026.jpg, Obj Num: 1, Time: 3.1854662895202637
Frame: 0000027.jpg, Obj Num: 1, Time: 3.3485002517700195
Frame: 0000028.jpg, Obj Num: 1, Time: 3.3860154151916504
Frame: 0000029.jpg, Obj Num: 1, Time: 3.620626926422119
Frame: 0000030.jpg, Obj Num: 1, Time: 3.707096576690674
Frame: 0000031.jpg, Obj Num: 1, Time: 3.832779884338379
Frame: 0000032.jpg, Obj Num: 1, Time: 3.843247413635254
Frame: 0000033.jpg, Obj Num: 1, Time: 4.101550102233887
Frame: 0000034.jpg, Obj Num: 1, Time: 4.225595951080322
Frame: 0000035.jpg, Obj Num: 1, Time: 4.4156341552734375
Frame: 0000036.jpg, Obj Num: 1, Time: 4.456918716430664
Frame: 0000037.jpg, Obj Num: 1, Time: 4.614838600158691
Frame: 0000038.jpg, Obj Num: 1, Time: 4.742821455001831
Frame: 0000039.jpg, Obj Num: 1, Time: 4.932830333709717
Frame: 0000040.jpg, Obj Num: 1, Time: 4.916473865509033
Frame: 0000041.jpg, Obj Num: 1, Time: 5.237221002578735
Frame: 0000042.jpg, Obj Num: 1, Time: 5.345686197280884
Frame: 0000043.jpg, Obj Num: 1, Time: 5.5264904499053955
Frame: 0000044.jpg, Obj Num: 1, Time: 5.515339612960815
Frame: 0000045.jpg, Obj Num: 1, Time: 5.833522796630859
Frame: 0000046.jpg, Obj Num: 1, Time: 5.936761379241943
Frame: 0000047.jpg, Obj Num: 1, Time: 6.145529270172119
Frame: 0000048.jpg, Obj Num: 1, Time: 6.080546617507935
Frame: 0000049.jpg, Obj Num: 1, Time: 6.466475248336792
Frame: 0000050.jpg, Obj Num: 1, Time: 6.38095235824585
Frame: 0000051.jpg, Obj Num: 1, Time: 6.560227394104004
Frame: 0000052.jpg, Obj Num: 1, Time: 6.840729713439941
Frame: 0000053.jpg, Obj Num: 1, Time: 6.855983018875122
Frame: 0000054.jpg, Obj Num: 1, Time: 6.9521849155426025
Frame: 0000055.jpg, Obj Num: 1, Time: 7.136720657348633
Frame: 0000056.jpg, Obj Num: 1, Time: 7.021052360534668
Frame: 0000057.jpg, Obj Num: 1, Time: 7.423758029937744
Frame: 0000058.jpg, Obj Num: 1, Time: 7.519207239151001
Frame: 0000059.jpg, Obj Num: 1, Time: 7.704545259475708
Frame: 0000060.jpg, Obj Num: 1, Time: 7.680284738540649
Frame: 0000061.jpg, Obj Num: 1, Time: 8.038986444473267
Frame: 0000062.jpg, Obj Num: 1, Time: 8.904664993286133
Frame: 0000063.jpg, Obj Num: 1, Time: 8.341203689575195
Frame: 0000064.jpg, Obj Num: 1, Time: 8.133317947387695
Frame: 0000065.jpg, Obj Num: 1, Time: 8.63882064819336
Frame: 0000066.jpg, Obj Num: 1, Time: 8.711560487747192
Frame: 0000067.jpg, Obj Num: 1, Time: 8.933181047439575
Frame: 0000068.jpg, Obj Num: 1, Time: 8.835787534713745
Frame: 0000069.jpg, Obj Num: 1, Time: 9.237528562545776
Frame: 0000070.jpg, Obj Num: 1, Time: 10.076651096343994
Frame: 0000071.jpg, Obj Num: 1, Time: 9.561064004898071
Frame: 0000072.jpg, Obj Num: 1, Time: 9.332699060440063
Frame: 0000073.jpg, Obj Num: 1, Time: 9.884746313095093
Frame: 0000074.jpg, Obj Num: 1, Time: 9.52293586730957
Frame: 0000075.jpg, Obj Num: 1, Time: 9.719144821166992
Frame: 0000076.jpg, Obj Num: 1, Time: 9.652901649475098
Frame: 0000077.jpg, Obj Num: 1, Time: 10.710955619812012
Frame: 0000078.jpg, Obj Num: 1, Time: 10.101360082626343
Frame: 0000079.jpg, Obj Num: 1, Time: 10.305688619613647
Frame: 0000080.jpg, Obj Num: 1, Time: 10.120734214782715
Frame: 0000081.jpg, Obj Num: 1, Time: 10.613871097564697
Frame: 0000082.jpg, Obj Num: 1, Time: 10.685408592224121
Frame: 0000083.jpg, Obj Num: 1, Time: 10.910236835479736
Frame: 0000084.jpg, Obj Num: 1, Time: 11.508457899093628
Frame: 0000085.jpg, Obj Num: 1, Time: 11.219685554504395
Frame: 0000086.jpg, Obj Num: 1, Time: 11.300134420394897
Frame: 0000087.jpg, Obj Num: 1, Time: 11.524221897125244
Frame: 0000088.jpg, Obj Num: 1, Time: 11.258261442184448
Frame: 0000089.jpg, Obj Num: 1, Time: 11.829669713973999
Frame: 0000090.jpg, Obj Num: 1, Time: 12.615399599075317
Frame: 0000091.jpg, Obj Num: 1, Time: 12.13473892211914
Frame: 0000092.jpg, Obj Num: 1, Time: 11.977975606918335
Frame: 0000093.jpg, Obj Num: 1, Time: 12.444422721862793
Frame: 0000094.jpg, Obj Num: 1, Time: 12.507817506790161
Frame: 0000095.jpg, Obj Num: 1, Time: 13.32787537574768
Frame: 0000096.jpg, Obj Num: 1, Time: 12.344363689422607
Frame: 0000097.jpg, Obj Num: 1, Time: 13.046451330184937
Frame: 0000098.jpg, Obj Num: 1, Time: 13.095305681228638
Frame: 0000099.jpg, Obj Num: 1, Time: 13.155964374542236
Frame: 0000100.jpg, Obj Num: 1, Time: 12.898802042007446
Frame: 0000101.jpg, Obj Num: 1, Time: 14.358152151107788
Frame: 0000102.jpg, Obj Num: 1, Time: 13.52022409439087
Frame: 0000103.jpg, Obj Num: 1, Time: 13.784399032592773
Frame: 0000104.jpg, Obj Num: 1, Time: 13.219706058502197
Frame: 0000105.jpg, Obj Num: 1, Time: 14.107086181640625
Frame: 0000106.jpg, Obj Num: 1, Time: 15.023625135421753
Frame: 0000107.jpg, Obj Num: 1, Time: 14.420165300369263
Frame: 0000108.jpg, Obj Num: 1, Time: 14.014172792434692
Frame: 0000109.jpg, Obj Num: 1, Time: 14.741122961044312
Frame: 0000110.jpg, Obj Num: 1, Time: 14.747949838638306
Frame: 0000111.jpg, Obj Num: 1, Time: 15.901324272155762
Frame: 0000112.jpg, Obj Num: 1, Time: 14.382408857345581
Frame: 0000113.jpg, Obj Num: 1, Time: 15.355609893798828
Frame: 0000114.jpg, Obj Num: 1, Time: 15.316346883773804
Frame: 0000115.jpg, Obj Num: 1, Time: 16.15777087211609
Frame: 0000116.jpg, Obj Num: 1, Time: 15.147319078445435
Frame: 0000117.jpg, Obj Num: 1, Time: 15.888760089874268
Frame: 0000118.jpg, Obj Num: 1, Time: 15.861685752868652
Frame: 0000119.jpg, Obj Num: 1, Time: 16.709731817245483
Frame: 0000120.jpg, Obj Num: 1, Time: 15.380216360092163
Frame: 0000121.jpg, Obj Num: 1, Time: 16.429530382156372
Frame: 0000122.jpg, Obj Num: 1, Time: 16.359344482421875
Frame: 0000123.jpg, Obj Num: 1, Time: 17.462536811828613
Frame: 0000124.jpg, Obj Num: 1, Time: 16.175799131393433
Frame: 0000125.jpg, Obj Num: 1, Time: 16.964114904403687
Frame: 0000126.jpg, Obj Num: 1, Time: 16.888969898223877
Frame: 0000127.jpg, Obj Num: 1, Time: 18.068679571151733
Frame: 0000128.jpg, Obj Num: 1, Time: 16.44712471961975
Frame: 0000129.jpg, Obj Num: 1, Time: 17.46011996269226
Frame: 0000130.jpg, Obj Num: 1, Time: 17.40147113800049
Frame: 0000131.jpg, Obj Num: 1, Time: 18.609742403030396
Frame: 0000132.jpg, Obj Num: 1, Time: 17.249077320098877
Frame: 0000133.jpg, Obj Num: 1, Time: 18.041520357131958
Frame: 0000134.jpg, Obj Num: 1, Time: 18.280980110168457
Frame: 0000135.jpg, Obj Num: 1, Time: 18.353444814682007
Frame: 0000136.jpg, Obj Num: 1, Time: 17.61143207550049
Frame: 0000137.jpg, Obj Num: 1, Time: 19.097432136535645
Frame: 0000138.jpg, Obj Num: 1, Time: 18.57677912712097
Frame: 0000139.jpg, Obj Num: 1, Time: 18.94141459465027
Frame: 0000140.jpg, Obj Num: 1, Time: 18.894441843032837
Frame: 0000141.jpg, Obj Num: 1, Time: 19.25297212600708
Frame: 0000142.jpg, Obj Num: 1, Time: 19.221121072769165
Frame: 0000143.jpg, Obj Num: 1, Time: 20.09281039237976
Frame: 0000144.jpg, Obj Num: 1, Time: 18.85829997062683
Frame: 0000145.jpg, Obj Num: 1, Time: 19.912644624710083
Frame: 0000146.jpg, Obj Num: 1, Time: 21.018388032913208
Frame: 0000147.jpg, Obj Num: 1, Time: 20.82452416419983
Frame: 0000148.jpg, Obj Num: 1, Time: 19.29512619972229
Frame: 0000149.jpg, Obj Num: 1, Time: 20.636050701141357
Frame: 0000150.jpg, Obj Num: 1, Time: 19.89015507698059
Frame: 0000151.jpg, Obj Num: 1, Time: 17.675323724746704
Frame: 0000152.jpg, Obj Num: 1, Time: 17.841362237930298
Frame: 0000153.jpg, Obj Num: 1, Time: 15.344925165176392
Frame: 0000154.jpg, Obj Num: 1, Time: 15.468014478683472
Frame: 0000155.jpg, Obj Num: 1, Time: 16.372014045715332
Frame: 0000156.jpg, Obj Num: 1, Time: 15.53096055984497
Frame: 0000157.jpg, Obj Num: 1, Time: 15.823686599731445
Frame: 0000158.jpg, Obj Num: 1, Time: 16.7685763835907
Frame: 0000159.jpg, Obj Num: 1, Time: 16.055664777755737
Frame: 0000160.jpg, Obj Num: 1, Time: 15.58780288696289
Frame: 0000161.jpg, Obj Num: 1, Time: 17.14267635345459
Frame: 0000162.jpg, Obj Num: 1, Time: 16.42138910293579
Frame: 0000163.jpg, Obj Num: 1, Time: 16.512305974960327
Frame: 0000164.jpg, Obj Num: 1, Time: 17.29682970046997
Frame: 0000165.jpg, Obj Num: 1, Time: 16.762521266937256
Frame: 0000166.jpg, Obj Num: 1, Time: 16.921392917633057
Frame: 0000167.jpg, Obj Num: 1, Time: 17.861080646514893
Frame: 0000168.jpg, Obj Num: 1, Time: 16.41040325164795
Frame: 0000169.jpg, Obj Num: 1, Time: 17.272950649261475
Frame: 0000170.jpg, Obj Num: 1, Time: 18.284741163253784
Frame: 0000171.jpg, Obj Num: 1, Time: 17.484715223312378
Frame: 0000172.jpg, Obj Num: 1, Time: 17.401389122009277
Frame: 0000173.jpg, Obj Num: 1, Time: 18.5885968208313
Frame: 0000174.jpg, Obj Num: 1, Time: 17.867875337600708
Frame: 0000175.jpg, Obj Num: 1, Time: 18.583651781082153
Frame: 0000176.jpg, Obj Num: 1, Time: 16.80932927131653
Frame: 0000177.jpg, Obj Num: 1, Time: 18.869600296020508
Frame: 0000178.jpg, Obj Num: 1, Time: 18.348461151123047
Frame: 0000179.jpg, Obj Num: 1, Time: 19.112731218338013
Frame: 0000180.jpg, Obj Num: 1, Time: 18.37824821472168
Frame: 0000181.jpg, Obj Num: 1, Time: 19.34046196937561
Frame: 0000182.jpg, Obj Num: 1, Time: 18.84687900543213
Frame: 0000183.jpg, Obj Num: 1, Time: 19.62071943283081
Frame: 0000184.jpg, Obj Num: 1, Time: 17.695804834365845
Frame: 0000185.jpg, Obj Num: 1, Time: 19.837833642959595
Frame: 0000186.jpg, Obj Num: 1, Time: 19.34284472465515
Frame: 0000187.jpg, Obj Num: 1, Time: 20.152358293533325
Frame: 0000188.jpg, Obj Num: 1, Time: 19.256340265274048
Frame: 0000189.jpg, Obj Num: 1, Time: 20.316994190216064
Frame: 0000190.jpg, Obj Num: 1, Time: 19.806228160858154
Frame: 0000191.jpg, Obj Num: 1, Time: 20.36828303337097
Frame: 0000192.jpg, Obj Num: 1, Time: 18.383735418319702
Frame: 0000193.jpg, Obj Num: 1, Time: 20.455444812774658
Frame: 0000194.jpg, Obj Num: 1, Time: 20.62096095085144
Frame: 0000195.jpg, Obj Num: 1, Time: 20.67784881591797
Frame: 0000196.jpg, Obj Num: 1, Time: 20.479616165161133
Frame: 0000197.jpg, Obj Num: 1, Time: 20.933594465255737
Frame: 0000198.jpg, Obj Num: 1, Time: 21.11494469642639
Frame: 0000199.jpg, Obj Num: 1, Time: 21.190830945968628
Frame: 0000200.jpg, Obj Num: 1, Time: 20.093550443649292
Frame: 0000201.jpg, Obj Num: 1, Time: 21.384533166885376
Frame: 0000202.jpg, Obj Num: 1, Time: 21.588865280151367
Frame: 0000203.jpg, Obj Num: 1, Time: 21.667551517486572
Frame: 0000204.jpg, Obj Num: 1, Time: 21.1142840385437
Frame: 0000205.jpg, Obj Num: 1, Time: 21.860341548919678
Frame: 0000206.jpg, Obj Num: 1, Time: 22.116211891174316
Frame: 0000207.jpg, Obj Num: 1, Time: 22.158969402313232
Frame: 0000208.jpg, Obj Num: 1, Time: 20.161444425582886
Frame: 0000209.jpg, Obj Num: 1, Time: 22.37399697303772
Frame: 0000210.jpg, Obj Num: 1, Time: 22.590368270874023
Frame: 0000211.jpg, Obj Num: 1, Time: 22.680783987045288
Frame: 0000212.jpg, Obj Num: 1, Time: 22.367759943008423
Frame: 0000213.jpg, Obj Num: 1, Time: 22.90865468978882
Frame: 0000214.jpg, Obj Num: 1, Time: 23.063381671905518
Frame: 0000215.jpg, Obj Num: 1, Time: 23.072836875915527
Frame: 0000216.jpg, Obj Num: 1, Time: 22.268927335739136
Frame: 0000217.jpg, Obj Num: 1, Time: 23.371970891952515
Frame: 0000218.jpg, Obj Num: 1, Time: 23.566039085388184
Frame: 0000219.jpg, Obj Num: 1, Time: 23.63232135772705
Frame: 0000220.jpg, Obj Num: 1, Time: 23.374419450759888
Frame: 0000221.jpg, Obj Num: 1, Time: 23.865558624267578
Frame: 0000222.jpg, Obj Num: 1, Time: 24.028207778930664
Frame: 0000223.jpg, Obj Num: 1, Time: 24.111149787902832
Frame: 0000224.jpg, Obj Num: 1, Time: 22.411585807800293
Frame: 0000225.jpg, Obj Num: 1, Time: 24.335964918136597
Frame: 0000226.jpg, Obj Num: 1, Time: 24.53025722503662
Frame: 0000227.jpg, Obj Num: 1, Time: 24.548134326934814
Frame: 0000228.jpg, Obj Num: 1, Time: 24.289541006088257
Frame: 0000229.jpg, Obj Num: 1, Time: 24.766973733901978
Frame: 0000230.jpg, Obj Num: 1, Time: 24.976730585098267
Frame: 0000231.jpg, Obj Num: 1, Time: 25.036198139190674
Frame: 0000232.jpg, Obj Num: 1, Time: 24.443474769592285
Frame: 0000233.jpg, Obj Num: 1, Time: 25.299235343933105
Frame: 0000234.jpg, Obj Num: 1, Time: 25.490906238555908
Frame: 0000235.jpg, Obj Num: 1, Time: 25.494375467300415
Frame: 0000236.jpg, Obj Num: 1, Time: 25.282455682754517
Frame: 0000237.jpg, Obj Num: 1, Time: 25.787574529647827
Frame: 0000238.jpg, Obj Num: 1, Time: 26.054229259490967
Frame: 0000239.jpg, Obj Num: 1, Time: 26.030508279800415
Frame: 0000240.jpg, Obj Num: 1, Time: 24.61002779006958
Frame: 0000241.jpg, Obj Num: 1, Time: 26.25577425956726
Frame: 0000242.jpg, Obj Num: 1, Time: 26.416159629821777
Frame: 0000243.jpg, Obj Num: 1, Time: 26.570600509643555
Frame: 0000244.jpg, Obj Num: 1, Time: 26.37538504600525
Frame: 0000245.jpg, Obj Num: 1, Time: 26.800286769866943
Frame: 0000246.jpg, Obj Num: 1, Time: 26.983428716659546
Frame: 0000247.jpg, Obj Num: 1, Time: 27.014551639556885
Frame: 0000248.jpg, Obj Num: 1, Time: 26.46635866165161
Frame: 0000249.jpg, Obj Num: 1, Time: 27.372493028640747
Frame: 0000250.jpg, Obj Num: 1, Time: 27.586475133895874
Frame: 0000251.jpg, Obj Num: 1, Time: 27.630358457565308
Frame: 0000252.jpg, Obj Num: 1, Time: 27.420549631118774
Frame: 0000253.jpg, Obj Num: 1, Time: 27.79338812828064
Frame: 0000254.jpg, Obj Num: 1, Time: 28.097188234329224
Frame: 0000255.jpg, Obj Num: 1, Time: 28.08596920967102
Frame: 0000256.jpg, Obj Num: 1, Time: 26.79396414756775
Frame: 0000257.jpg, Obj Num: 1, Time: 28.443241119384766
Frame: 0000258.jpg, Obj Num: 1, Time: 28.65750026702881
Frame: 0000259.jpg, Obj Num: 1, Time: 28.627832174301147
Frame: 0000260.jpg, Obj Num: 1, Time: 28.405018091201782
Frame: 0000261.jpg, Obj Num: 1, Time: 28.9107825756073
Frame: 0000262.jpg, Obj Num: 1, Time: 29.11626386642456
Frame: 0000263.jpg, Obj Num: 1, Time: 29.27054214477539
Frame: 0000264.jpg, Obj Num: 1, Time: 28.801532983779907
Frame: 0000265.jpg, Obj Num: 1, Time: 29.52283525466919
Frame: 0000266.jpg, Obj Num: 1, Time: 29.727905750274658
Frame: 0000267.jpg, Obj Num: 1, Time: 29.755016088485718
Frame: 0000268.jpg, Obj Num: 1, Time: 29.502837896347046
Frame: 0000269.jpg, Obj Num: 1, Time: 29.926920652389526
Frame: 0000270.jpg, Obj Num: 1, Time: 30.1823992729187
Frame: 0000271.jpg, Obj Num: 1, Time: 30.405496835708618
Frame: 0000272.jpg, Obj Num: 1, Time: 29.058329820632935
Frame: 0000273.jpg, Obj Num: 1, Time: 30.655741214752197
Frame: 0000274.jpg, Obj Num: 1, Time: 30.8391535282135
Frame: 0000275.jpg, Obj Num: 1, Time: 30.85333514213562
Frame: 0000276.jpg, Obj Num: 1, Time: 30.53088665008545
Frame: 0000277.jpg, Obj Num: 1, Time: 31.132752656936646
Frame: 0000278.jpg, Obj Num: 1, Time: 31.31676745414734
Frame: 0000279.jpg, Obj Num: 1, Time: 31.51608896255493
Frame: 0000280.jpg, Obj Num: 1, Time: 30.961885929107666
Frame: 0000281.jpg, Obj Num: 1, Time: 31.76060175895691
Frame: 0000282.jpg, Obj Num: 1, Time: 31.985295057296753
Frame: 0000283.jpg, Obj Num: 1, Time: 32.047234773635864
Frame: 0000284.jpg, Obj Num: 1, Time: 31.740674018859863
Frame: 0000285.jpg, Obj Num: 1, Time: 32.24232077598572
Frame: 0000286.jpg, Obj Num: 1, Time: 32.45801281929016
Frame: 0000287.jpg, Obj Num: 1, Time: 33.458457231521606
Frame: 0000288.jpg, Obj Num: 1, Time: 32.398165225982666
Frame: 0000289.jpg, Obj Num: 1, Time: 33.71801447868347
Frame: 0000290.jpg, Obj Num: 1, Time: 33.89029097557068
Frame: 0000291.jpg, Obj Num: 1, Time: 33.935038566589355
Frame: 0000292.jpg, Obj Num: 1, Time: 33.76905846595764
Frame: 0000293.jpg, Obj Num: 1, Time: 34.19812607765198
Frame: 0000294.jpg, Obj Num: 1, Time: 34.3769371509552
Frame: 0000295.jpg, Obj Num: 1, Time: 34.46710276603699
Frame: 0000296.jpg, Obj Num: 1, Time: 31.600510835647583
Frame: 0000297.jpg, Obj Num: 1, Time: 32.22869038581848
Frame: 0000298.jpg, Obj Num: 1, Time: 32.348381757736206
Frame: 0000299.jpg, Obj Num: 1, Time: 32.44425415992737
Frame: 0000300.jpg, Obj Num: 1, Time: 32.28171348571777
Frame: 0000301.jpg, Obj Num: 1, Time: 32.691349506378174
Frame: 0000302.jpg, Obj Num: 1, Time: 32.79489278793335
Frame: 0000303.jpg, Obj Num: 1, Time: 32.876654863357544
Frame: 0000304.jpg, Obj Num: 1, Time: 32.18894863128662
Frame: 0000305.jpg, Obj Num: 1, Time: 33.104398012161255
Frame: 0000306.jpg, Obj Num: 1, Time: 30.605648279190063
Frame: 0000307.jpg, Obj Num: 1, Time: 30.636555433273315
Frame: 0000308.jpg, Obj Num: 1, Time: 30.932910919189453
Frame: 0000309.jpg, Obj Num: 1, Time: 30.828812837600708
Frame: 0000310.jpg, Obj Num: 1, Time: 31.05519413948059
Frame: 0000311.jpg, Obj Num: 1, Time: 31.045073747634888
Frame: 0000312.jpg, Obj Num: 1, Time: 31.09862470626831
Frame: 0000313.jpg, Obj Num: 1, Time: 31.251213788986206
Frame: 0000314.jpg, Obj Num: 1, Time: 31.50661587715149
Frame: 0000315.jpg, Obj Num: 1, Time: 31.447415351867676
Frame: 0000316.jpg, Obj Num: 1, Time: 29.443619966506958
Frame: 0000317.jpg, Obj Num: 1, Time: 28.829688787460327
Frame: 0000318.jpg, Obj Num: 1, Time: 29.180436849594116
Frame: 0000319.jpg, Obj Num: 1, Time: 28.93123698234558
Seq break_brocolli_3 FPS: 0.05535518382838167, Total FPS: 0.06630326703984545, FPS per Seq: 0.08770260383349135
Prcessing Seq cut&break_brocolli_5 [3/48]:
Ref Frame: 0000000.jpg, Time: 0.035019874572753906
Frame: 0000001.jpg, Obj Num: 2, Time: 0.1529545783996582
Frame: 0000002.jpg, Obj Num: 2, Time: 0.22562289237976074
Frame: 0000003.jpg, Obj Num: 2, Time: 0.3120741844177246
Frame: 0000004.jpg, Obj Num: 2, Time: 0.3865628242492676
Frame: 0000005.jpg, Obj Num: 2, Time: 0.4790828227996826
Frame: 0000006.jpg, Obj Num: 2, Time: 0.5642199516296387
Frame: 0000007.jpg, Obj Num: 2, Time: 0.6483087539672852
Frame: 0000008.jpg, Obj Num: 2, Time: 0.7280356884002686
Frame: 0000009.jpg, Obj Num: 2, Time: 0.8230867385864258
Frame: 0000010.jpg, Obj Num: 2, Time: 0.9146723747253418
Frame: 0000011.jpg, Obj Num: 2, Time: 1.0231680870056152
Frame: 0000012.jpg, Obj Num: 2, Time: 1.074448585510254
Frame: 0000013.jpg, Obj Num: 2, Time: 1.1885151863098145
Frame: 0000014.jpg, Obj Num: 2, Time: 1.281463861465454
Frame: 0000015.jpg, Obj Num: 2, Time: 1.4723403453826904
Frame: 0000016.jpg, Obj Num: 2, Time: 1.443314552307129
Frame: 0000017.jpg, Obj Num: 2, Time: 1.6411375999450684
Frame: 0000018.jpg, Obj Num: 2, Time: 1.6464953422546387
Frame: 0000019.jpg, Obj Num: 2, Time: 1.7723393440246582
Frame: 0000020.jpg, Obj Num: 2, Time: 1.792745590209961
Frame: 0000021.jpg, Obj Num: 2, Time: 2.0497562885284424
Frame: 0000022.jpg, Obj Num: 2, Time: 2.010047197341919
Frame: 0000023.jpg, Obj Num: 2, Time: 2.179302453994751
Frame: 0000024.jpg, Obj Num: 2, Time: 2.185720443725586
Frame: 0000025.jpg, Obj Num: 2, Time: 2.4862990379333496
Frame: 0000026.jpg, Obj Num: 2, Time: 2.44805908203125
Frame: 0000027.jpg, Obj Num: 2, Time: 2.6615631580352783
Frame: 0000028.jpg, Obj Num: 2, Time: 2.6307525634765625
Frame: 0000029.jpg, Obj Num: 2, Time: 2.8650081157684326
Frame: 0000030.jpg, Obj Num: 2, Time: 2.861826181411743
Frame: 0000031.jpg, Obj Num: 2, Time: 2.99711275100708
Frame: 0000032.jpg, Obj Num: 2, Time: 3.0797533988952637
Frame: 0000033.jpg, Obj Num: 2, Time: 3.402392864227295
Frame: 0000034.jpg, Obj Num: 2, Time: 3.4525957107543945
Frame: 0000035.jpg, Obj Num: 2, Time: 3.6384506225585938
Frame: 0000036.jpg, Obj Num: 2, Time: 3.5155673027038574
Frame: 0000037.jpg, Obj Num: 2, Time: 3.7449378967285156
Frame: 0000038.jpg, Obj Num: 2, Time: 3.942782402038574
Frame: 0000039.jpg, Obj Num: 2, Time: 3.9725544452667236
Frame: 0000040.jpg, Obj Num: 2, Time: 3.81136417388916
Frame: 0000041.jpg, Obj Num: 2, Time: 4.29866099357605
Frame: 0000042.jpg, Obj Num: 2, Time: 4.117926836013794
Frame: 0000043.jpg, Obj Num: 2, Time: 4.261408567428589
Frame: 0000044.jpg, Obj Num: 2, Time: 4.2880799770355225
Frame: 0000045.jpg, Obj Num: 2, Time: 4.880689382553101
Frame: 0000046.jpg, Obj Num: 2, Time: 4.758934736251831
Frame: 0000047.jpg, Obj Num: 2, Time: 4.858613014221191
Frame: 0000048.jpg, Obj Num: 2, Time: 4.783683776855469
Frame: 0000049.jpg, Obj Num: 2, Time: 4.97727370262146
Frame: 0000050.jpg, Obj Num: 2, Time: 4.756300687789917
Frame: 0000051.jpg, Obj Num: 2, Time: 4.910608530044556
Frame: 0000052.jpg, Obj Num: 2, Time: 4.94637656211853
Frame: 0000053.jpg, Obj Num: 2, Time: 5.372206687927246
Frame: 0000054.jpg, Obj Num: 2, Time: 5.248611211776733
Frame: 0000055.jpg, Obj Num: 2, Time: 5.386295795440674
Frame: 0000056.jpg, Obj Num: 2, Time: 5.381192207336426
Frame: 0000057.jpg, Obj Num: 2, Time: 5.880403280258179
Frame: 0000058.jpg, Obj Num: 2, Time: 5.891791105270386
Frame: 0000059.jpg, Obj Num: 2, Time: 6.195338726043701
Frame: 0000060.jpg, Obj Num: 2, Time: 5.875393629074097
Frame: 0000061.jpg, Obj Num: 2, Time: 6.139933109283447
Frame: 0000062.jpg, Obj Num: 2, Time: 6.423968076705933
Frame: 0000063.jpg, Obj Num: 2, Time: 6.620285272598267
Frame: 0000064.jpg, Obj Num: 2, Time: 6.416039943695068
Frame: 0000065.jpg, Obj Num: 2, Time: 6.627151250839233
Frame: 0000066.jpg, Obj Num: 2, Time: 6.6927807331085205
Frame: 0000067.jpg, Obj Num: 2, Time: 6.8121678829193115
Frame: 0000068.jpg, Obj Num: 2, Time: 6.8498969078063965
Frame: 0000069.jpg, Obj Num: 2, Time: 7.0859901905059814
Frame: 0000070.jpg, Obj Num: 2, Time: 7.204133749008179
Frame: 0000071.jpg, Obj Num: 2, Time: 7.344304323196411
Frame: 0000072.jpg, Obj Num: 2, Time: 7.377953052520752
Frame: 0000073.jpg, Obj Num: 2, Time: 7.990999221801758
Frame: 0000074.jpg, Obj Num: 2, Time: 7.793886661529541
Frame: 0000075.jpg, Obj Num: 2, Time: 8.299906015396118
Frame: 0000076.jpg, Obj Num: 2, Time: 7.795821905136108
Frame: 0000077.jpg, Obj Num: 2, Time: 8.40978479385376
Frame: 0000078.jpg, Obj Num: 2, Time: 8.069225311279297
Frame: 0000079.jpg, Obj Num: 2, Time: 8.176304340362549
Frame: 0000080.jpg, Obj Num: 2, Time: 7.758089542388916
Frame: 0000081.jpg, Obj Num: 2, Time: 8.51109766960144
Frame: 0000082.jpg, Obj Num: 2, Time: 8.270038366317749
Frame: 0000083.jpg, Obj Num: 2, Time: 8.4378342628479
Frame: 0000084.jpg, Obj Num: 2, Time: 8.214026927947998
Frame: 0000085.jpg, Obj Num: 2, Time: 8.650211095809937
Frame: 0000086.jpg, Obj Num: 2, Time: 8.652885675430298
Frame: 0000087.jpg, Obj Num: 2, Time: 8.91736364364624
Frame: 0000088.jpg, Obj Num: 2, Time: 8.701440334320068
Frame: 0000089.jpg, Obj Num: 2, Time: 9.898275375366211
Frame: 0000090.jpg, Obj Num: 2, Time: 9.108099699020386
Frame: 0000091.jpg, Obj Num: 2, Time: 9.266335487365723
Frame: 0000092.jpg, Obj Num: 2, Time: 9.346782922744751
Frame: 0000093.jpg, Obj Num: 2, Time: 9.500070095062256
Frame: 0000094.jpg, Obj Num: 2, Time: 10.231457710266113
Frame: 0000095.jpg, Obj Num: 2, Time: 9.896178007125854
Frame: 0000096.jpg, Obj Num: 2, Time: 9.838401317596436
Frame: 0000097.jpg, Obj Num: 2, Time: 10.148049592971802
Frame: 0000098.jpg, Obj Num: 2, Time: 10.498448371887207
Frame: 0000099.jpg, Obj Num: 2, Time: 10.044254302978516
Frame: 0000100.jpg, Obj Num: 2, Time: 9.994887828826904
Frame: 0000101.jpg, Obj Num: 2, Time: 10.355927228927612
Frame: 0000102.jpg, Obj Num: 2, Time: 10.568759202957153
Frame: 0000103.jpg, Obj Num: 2, Time: 10.619022607803345
Frame: 0000104.jpg, Obj Num: 2, Time: 10.466992855072021
Frame: 0000105.jpg, Obj Num: 2, Time: 11.05115818977356
Frame: 0000106.jpg, Obj Num: 2, Time: 11.024887084960938
Frame: 0000107.jpg, Obj Num: 2, Time: 11.338260412216187
Frame: 0000108.jpg, Obj Num: 2, Time: 11.146635055541992
Frame: 0000109.jpg, Obj Num: 2, Time: 11.553757190704346
Frame: 0000110.jpg, Obj Num: 2, Time: 11.740503787994385
Frame: 0000111.jpg, Obj Num: 2, Time: 12.195986986160278
Frame: 0000112.jpg, Obj Num: 2, Time: 11.557159900665283
Frame: 0000113.jpg, Obj Num: 2, Time: 12.887468814849854
Frame: 0000114.jpg, Obj Num: 2, Time: 13.431412696838379
Frame: 0000115.jpg, Obj Num: 2, Time: 13.66257619857788
Frame: 0000116.jpg, Obj Num: 2, Time: 12.516733646392822
Frame: 0000117.jpg, Obj Num: 2, Time: 13.638066291809082
Frame: 0000118.jpg, Obj Num: 2, Time: 13.696402311325073
Frame: 0000119.jpg, Obj Num: 2, Time: 13.432703733444214
Frame: 0000120.jpg, Obj Num: 2, Time: 12.48000431060791
Frame: 0000121.jpg, Obj Num: 2, Time: 13.986337423324585
Frame: 0000122.jpg, Obj Num: 2, Time: 13.539999961853027
Frame: 0000123.jpg, Obj Num: 2, Time: 13.966235876083374
Frame: 0000124.jpg, Obj Num: 2, Time: 13.210197925567627
Frame: 0000125.jpg, Obj Num: 2, Time: 13.840691566467285
Frame: 0000126.jpg, Obj Num: 2, Time: 13.925570011138916
Frame: 0000127.jpg, Obj Num: 2, Time: 14.239816904067993
Frame: 0000128.jpg, Obj Num: 2, Time: 13.696491718292236
Frame: 0000129.jpg, Obj Num: 2, Time: 14.302190780639648
Frame: 0000130.jpg, Obj Num: 2, Time: 14.442015886306763
Frame: 0000131.jpg, Obj Num: 2, Time: 14.594534397125244
Frame: 0000132.jpg, Obj Num: 2, Time: 14.02020263671875
Frame: 0000133.jpg, Obj Num: 2, Time: 14.498920202255249
Frame: 0000134.jpg, Obj Num: 2, Time: 14.669536113739014
Frame: 0000135.jpg, Obj Num: 2, Time: 14.980233907699585
Frame: 0000136.jpg, Obj Num: 2, Time: 14.650721549987793
Frame: 0000137.jpg, Obj Num: 2, Time: 15.03948450088501
Frame: 0000138.jpg, Obj Num: 2, Time: 15.328496932983398
Frame: 0000139.jpg, Obj Num: 2, Time: 15.573246002197266
Frame: 0000140.jpg, Obj Num: 2, Time: 15.190922021865845
Frame: 0000141.jpg, Obj Num: 2, Time: 15.483407974243164
Frame: 0000142.jpg, Obj Num: 2, Time: 15.768354892730713
Frame: 0000143.jpg, Obj Num: 2, Time: 16.17658042907715
Frame: 0000144.jpg, Obj Num: 2, Time: 15.814058065414429
Frame: 0000145.jpg, Obj Num: 2, Time: 16.085673332214355
Frame: 0000146.jpg, Obj Num: 2, Time: 18.119957208633423
Frame: 0000147.jpg, Obj Num: 2, Time: 18.307903051376343
Frame: 0000148.jpg, Obj Num: 2, Time: 14.506216049194336
Frame: 0000149.jpg, Obj Num: 2, Time: 14.782695293426514
Frame: 0000150.jpg, Obj Num: 2, Time: 14.82766342163086
Frame: 0000151.jpg, Obj Num: 2, Time: 16.891446828842163
Frame: 0000152.jpg, Obj Num: 2, Time: 15.336760520935059
Frame: 0000153.jpg, Obj Num: 2, Time: 15.230078220367432
Frame: 0000154.jpg, Obj Num: 2, Time: 15.318090438842773
Frame: 0000155.jpg, Obj Num: 2, Time: 15.445659637451172
Frame: 0000156.jpg, Obj Num: 2, Time: 16.804980516433716
Frame: 0000157.jpg, Obj Num: 2, Time: 17.452900886535645
Frame: 0000158.jpg, Obj Num: 2, Time: 15.916033267974854
Frame: 0000159.jpg, Obj Num: 2, Time: 16.12274742126465
Frame: 0000160.jpg, Obj Num: 2, Time: 16.057178258895874
Frame: 0000161.jpg, Obj Num: 2, Time: 17.839454650878906
Frame: 0000162.jpg, Obj Num: 2, Time: 17.670066356658936
Frame: 0000163.jpg, Obj Num: 2, Time: 17.952643394470215
Frame: 0000164.jpg, Obj Num: 2, Time: 16.58642292022705
Frame: 0000165.jpg, Obj Num: 2, Time: 16.8142249584198
Frame: 0000166.jpg, Obj Num: 2, Time: 17.9232177734375
Frame: 0000167.jpg, Obj Num: 2, Time: 18.19636631011963
Frame: 0000168.jpg, Obj Num: 2, Time: 16.891560554504395
Frame: 0000169.jpg, Obj Num: 2, Time: 17.354329109191895
Frame: 0000170.jpg, Obj Num: 2, Time: 17.604726791381836
Frame: 0000171.jpg, Obj Num: 2, Time: 17.62952733039856
Frame: 0000172.jpg, Obj Num: 2, Time: 17.530636072158813
Frame: 0000173.jpg, Obj Num: 2, Time: 18.644587993621826
Frame: 0000174.jpg, Obj Num: 2, Time: 18.61263656616211
Frame: 0000175.jpg, Obj Num: 2, Time: 18.99755358695984
Frame: 0000176.jpg, Obj Num: 2, Time: 18.180630445480347
Frame: 0000177.jpg, Obj Num: 2, Time: 18.408934593200684
Frame: 0000178.jpg, Obj Num: 2, Time: 18.448554277420044
Frame: 0000179.jpg, Obj Num: 2, Time: 19.28058385848999
Frame: 0000180.jpg, Obj Num: 2, Time: 18.607276916503906
Frame: 0000181.jpg, Obj Num: 2, Time: 19.48681879043579
Frame: 0000182.jpg, Obj Num: 2, Time: 19.094653844833374
Frame: 0000183.jpg, Obj Num: 2, Time: 19.206685304641724
Frame: 0000184.jpg, Obj Num: 2, Time: 19.263866424560547
Frame: 0000185.jpg, Obj Num: 2, Time: 19.404672145843506
Frame: 0000186.jpg, Obj Num: 2, Time: 19.957191705703735
Frame: 0000187.jpg, Obj Num: 2, Time: 20.195798635482788
Frame: 0000188.jpg, Obj Num: 2, Time: 19.594231367111206
Frame: 0000189.jpg, Obj Num: 2, Time: 20.285574913024902
Frame: 0000190.jpg, Obj Num: 2, Time: 20.618645429611206
Frame: 0000191.jpg, Obj Num: 2, Time: 20.41511583328247
Frame: 0000192.jpg, Obj Num: 2, Time: 20.97673225402832
Frame: 0000193.jpg, Obj Num: 2, Time: 20.632004499435425
Frame: 0000194.jpg, Obj Num: 2, Time: 21.768337965011597
Frame: 0000195.jpg, Obj Num: 2, Time: 21.16441011428833
Frame: 0000196.jpg, Obj Num: 2, Time: 21.31727409362793
Frame: 0000197.jpg, Obj Num: 2, Time: 21.768364667892456
Frame: 0000198.jpg, Obj Num: 2, Time: 21.66060185432434
Frame: 0000199.jpg, Obj Num: 2, Time: 21.7820987701416
Frame: 0000200.jpg, Obj Num: 2, Time: 21.71347689628601
Frame: 0000201.jpg, Obj Num: 2, Time: 22.010408639907837
Frame: 0000202.jpg, Obj Num: 2, Time: 22.47720956802368
Frame: 0000203.jpg, Obj Num: 2, Time: 22.793127298355103
Frame: 0000204.jpg, Obj Num: 2, Time: 22.193845987319946
Frame: 0000205.jpg, Obj Num: 2, Time: 22.848612308502197
Frame: 0000206.jpg, Obj Num: 2, Time: 22.870063543319702
Frame: 0000207.jpg, Obj Num: 2, Time: 23.071073532104492
Frame: 0000208.jpg, Obj Num: 2, Time: 22.965217351913452
Frame: 0000209.jpg, Obj Num: 2, Time: 23.302417278289795
Frame: 0000210.jpg, Obj Num: 2, Time: 23.284650087356567
Frame: 0000211.jpg, Obj Num: 2, Time: 23.89604902267456
Frame: 0000212.jpg, Obj Num: 2, Time: 23.393433570861816
Frame: 0000213.jpg, Obj Num: 2, Time: 24.15678644180298
Frame: 0000214.jpg, Obj Num: 2, Time: 24.065370321273804
Frame: 0000215.jpg, Obj Num: 2, Time: 24.10145092010498
Frame: 0000216.jpg, Obj Num: 2, Time: 24.202221393585205
Frame: 0000217.jpg, Obj Num: 2, Time: 24.5356707572937
Frame: 0000218.jpg, Obj Num: 2, Time: 24.595597982406616
Frame: 0000219.jpg, Obj Num: 2, Time: 24.729883432388306
Frame: 0000220.jpg, Obj Num: 2, Time: 24.658388376235962
Frame: 0000221.jpg, Obj Num: 2, Time: 27.549731016159058
Frame: 0000222.jpg, Obj Num: 2, Time: 27.52906632423401
Frame: 0000223.jpg, Obj Num: 2, Time: 27.81225895881653
Frame: 0000224.jpg, Obj Num: 2, Time: 25.231315851211548
Frame: 0000225.jpg, Obj Num: 2, Time: 28.05451011657715
Frame: 0000226.jpg, Obj Num: 2, Time: 25.107372283935547
Frame: 0000227.jpg, Obj Num: 2, Time: 25.21075201034546
Frame: 0000228.jpg, Obj Num: 2, Time: 25.20234441757202
Frame: 0000229.jpg, Obj Num: 2, Time: 25.440364599227905
Frame: 0000230.jpg, Obj Num: 2, Time: 25.516069650650024
Frame: 0000231.jpg, Obj Num: 2, Time: 28.3115713596344
Frame: 0000232.jpg, Obj Num: 2, Time: 25.840601682662964
Frame: 0000233.jpg, Obj Num: 2, Time: 28.47830033302307
Frame: 0000234.jpg, Obj Num: 2, Time: 28.525684595108032
Frame: 0000235.jpg, Obj Num: 2, Time: 28.778660774230957
Frame: 0000236.jpg, Obj Num: 2, Time: 27.94901466369629
Frame: 0000237.jpg, Obj Num: 2, Time: 25.793567180633545
Frame: 0000238.jpg, Obj Num: 2, Time: 25.897615671157837
Frame: 0000239.jpg, Obj Num: 2, Time: 26.03012466430664
Frame: 0000240.jpg, Obj Num: 2, Time: 26.082719087600708
Frame: 0000241.jpg, Obj Num: 2, Time: 26.267991542816162
Frame: 0000242.jpg, Obj Num: 2, Time: 26.322770833969116
Frame: 0000243.jpg, Obj Num: 2, Time: 28.836106538772583
Frame: 0000244.jpg, Obj Num: 2, Time: 27.316410064697266
Frame: 0000245.jpg, Obj Num: 2, Time: 29.009544134140015
Frame: 0000246.jpg, Obj Num: 2, Time: 29.115299463272095
Frame: 0000247.jpg, Obj Num: 2, Time: 29.48354744911194
Frame: 0000248.jpg, Obj Num: 2, Time: 27.381083488464355
Frame: 0000249.jpg, Obj Num: 2, Time: 27.51000952720642
Frame: 0000250.jpg, Obj Num: 2, Time: 27.61234760284424
Frame: 0000251.jpg, Obj Num: 2, Time: 27.762925148010254
Frame: 0000252.jpg, Obj Num: 2, Time: 27.853587865829468
Frame: 0000253.jpg, Obj Num: 2, Time: 27.95916748046875
Frame: 0000254.jpg, Obj Num: 2, Time: 28.164659023284912
Frame: 0000255.jpg, Obj Num: 2, Time: 28.26521873474121
Frame: 0000256.jpg, Obj Num: 2, Time: 28.81648087501526
Frame: 0000257.jpg, Obj Num: 2, Time: 30.002236127853394
Frame: 0000258.jpg, Obj Num: 2, Time: 30.173539876937866
Frame: 0000259.jpg, Obj Num: 2, Time: 30.448857069015503
Frame: 0000260.jpg, Obj Num: 2, Time: 29.2198965549469
Frame: 0000261.jpg, Obj Num: 2, Time: 30.56268286705017
Frame: 0000262.jpg, Obj Num: 2, Time: 30.621087551116943
Frame: 0000263.jpg, Obj Num: 2, Time: 29.626811981201172
Frame: 0000264.jpg, Obj Num: 2, Time: 29.701889753341675
Frame: 0000265.jpg, Obj Num: 2, Time: 29.912059545516968
Frame: 0000266.jpg, Obj Num: 2, Time: 30.003076553344727
Frame: 0000267.jpg, Obj Num: 2, Time: 30.082265377044678
Frame: 0000268.jpg, Obj Num: 2, Time: 30.246920585632324
Frame: 0000269.jpg, Obj Num: 2, Time: 30.44899582862854
Frame: 0000270.jpg, Obj Num: 2, Time: 30.450021982192993
Frame: 0000271.jpg, Obj Num: 2, Time: 31.8136305809021
Frame: 0000272.jpg, Obj Num: 2, Time: 31.23747682571411
Frame: 0000273.jpg, Obj Num: 2, Time: 31.974645614624023
Frame: 0000274.jpg, Obj Num: 2, Time: 32.01622676849365
Frame: 0000275.jpg, Obj Num: 2, Time: 32.32033824920654
Frame: 0000276.jpg, Obj Num: 2, Time: 31.525534629821777
Frame: 0000277.jpg, Obj Num: 2, Time: 32.550127029418945
Frame: 0000278.jpg, Obj Num: 2, Time: 32.51333689689636
Frame: 0000279.jpg, Obj Num: 2, Time: 32.03281903266907
Frame: 0000280.jpg, Obj Num: 2, Time: 32.103302001953125
Frame: 0000281.jpg, Obj Num: 2, Time: 32.296950817108154
Frame: 0000282.jpg, Obj Num: 2, Time: 32.41593551635742
Frame: 0000283.jpg, Obj Num: 2, Time: 32.52718782424927
Frame: 0000284.jpg, Obj Num: 2, Time: 32.659329652786255
Frame: 0000285.jpg, Obj Num: 2, Time: 32.78077816963196
Frame: 0000286.jpg, Obj Num: 2, Time: 32.92346239089966
Frame: 0000287.jpg, Obj Num: 2, Time: 34.23620891571045
Frame: 0000288.jpg, Obj Num: 2, Time: 33.641782999038696
Frame: 0000289.jpg, Obj Num: 2, Time: 34.353410482406616
Frame: 0000290.jpg, Obj Num: 2, Time: 34.359007596969604
Frame: 0000291.jpg, Obj Num: 2, Time: 34.51759910583496
Frame: 0000292.jpg, Obj Num: 2, Time: 33.97478890419006
Frame: 0000293.jpg, Obj Num: 2, Time: 34.701464891433716
Frame: 0000294.jpg, Obj Num: 2, Time: 34.78262448310852
Frame: 0000295.jpg, Obj Num: 2, Time: 35.08104133605957
Frame: 0000296.jpg, Obj Num: 2, Time: 30.647331476211548
Frame: 0000297.jpg, Obj Num: 2, Time: 30.751163244247437
Frame: 0000298.jpg, Obj Num: 2, Time: 30.887292623519897
Frame: 0000299.jpg, Obj Num: 2, Time: 30.962573528289795
Frame: 0000300.jpg, Obj Num: 2, Time: 31.04310393333435
Frame: 0000301.jpg, Obj Num: 2, Time: 31.154828548431396
Frame: 0000302.jpg, Obj Num: 2, Time: 31.29974126815796
Frame: 0000303.jpg, Obj Num: 2, Time: 31.429378032684326
Frame: 0000304.jpg, Obj Num: 2, Time: 31.45243501663208
Frame: 0000305.jpg, Obj Num: 2, Time: 31.632574796676636
Frame: 0000306.jpg, Obj Num: 2, Time: 32.82055473327637
Frame: 0000307.jpg, Obj Num: 2, Time: 33.07563138008118
Frame: 0000308.jpg, Obj Num: 2, Time: 32.483925104141235
Frame: 0000309.jpg, Obj Num: 2, Time: 33.27162194252014
Frame: 0000310.jpg, Obj Num: 2, Time: 33.31795358657837
Frame: 0000311.jpg, Obj Num: 2, Time: 33.58749985694885
Frame: 0000312.jpg, Obj Num: 2, Time: 32.810975074768066
Traceback (most recent call last):
  File "/home/bingxing2/home/scx8ah2/jiaxin/DeformVOS/methods/CFBI/tools/eval_net.py", line 72, in <module>
    main()
  File "/home/bingxing2/home/scx8ah2/jiaxin/DeformVOS/methods/CFBI/tools/eval_net.py", line 69, in main
    evaluator.evaluating()
  File "/home/bingxing2/home/scx8ah2/jiaxin/DeformVOS/methods/CFBI/./networks/engine/eval_manager.py", line 210, in evaluating
    all_pred, current_embedding = self.model.forward_for_eval(ref_emb, ref_m, prev_emb, prev_m, current_img, gt_ids=obj_num, pred_size=[ori_height,ori_width])
  File "/home/bingxing2/home/scx8ah2/jiaxin/DeformVOS/methods/CFBI/./networks/cfbi/cfbi.py", line 85, in forward_for_eval
    tmp_dic, _ = self.before_seghead_process(
  File "/home/bingxing2/home/scx8ah2/jiaxin/DeformVOS/methods/CFBI/./networks/cfbi/cfbi.py", line 177, in before_seghead_process
    global_matching_fg = global_matching_for_eval(
  File "/home/bingxing2/home/scx8ah2/jiaxin/DeformVOS/methods/CFBI/./networks/layers/matching.py", line 320, in global_matching_for_eval
    reference_embeddings_flat = torch.masked_select(reference_embeddings_flat, 
torch.cuda.OutOfMemoryError: CUDA out of memory. Tried to allocate 17.65 GiB. GPU 0 has a total capacty of 39.39 GiB of which 17.62 GiB is free. Including non-PyTorch memory, this process has 21.76 GiB memory in use. Of the allocated memory 12.77 GiB is allocated by PyTorch, and 8.49 GiB is reserved by PyTorch but unallocated. If reserved but unallocated memory is large try setting max_split_size_mb to avoid fragmentation.  See documentation for Memory Management and PYTORCH_CUDA_ALLOC_CONF
