cuda-11.8 loaded successful
gcc-9.3.0 loaded successful
/home/bingxing2/home/scx8ah2/.conda/envs/LLMSeg_cp310/lib/python3.10/site-packages/torchvision/io/image.py:13: UserWarning: Failed to load image Python extension: '/home/bingxing2/home/scx8ah2/.conda/envs/LLMSeg_cp310/lib/python3.10/site-packages/torchvision/image.so: undefined symbol: _ZN5torch3jit17parseSchemaOrNameERKSs'If you don't plan on using image functionality from `torchvision.io`, you can ignore this warning. Otherwise, there might be something wrong with your environment. Did you have `libjpeg` or `libpng` installed before building `torchvision` from source?
  warn(
{'EXP_NAME': 'resnet101_cfbi', 'DIR_ROOT': './', 'DIR_DATA': './datasets', 'DIR_DAVIS': './datasets/DAVIS', 'DIR_VOST': './datasets/VOST', 'DIR_YTB': './datasets/YTB/train', 'DIR_YTB_EVAL': './datasets/YTB/valid', 'DIR_RESULT': './result/resnet101_cfbi', 'DIR_CKPT': './result/resnet101_cfbi/ckpt', 'DIR_LOG': './result/resnet101_cfbi/log', 'DIR_IMG_LOG': './result/resnet101_cfbi/log/img', 'DIR_TB_LOG': './result/resnet101_cfbi/log/tensorboard', 'DIR_EVALUATION': './result/resnet101_cfbi/eval', 'DATASETS': ['youtubevos'], 'DATA_WORKERS': 4, 'DATA_RANDOMCROP': (465, 465), 'DATA_RANDOMFLIP': 0.5, 'DATA_MAX_CROP_STEPS': 5, 'DATA_MIN_SCALE_FACTOR': 1.0, 'DATA_MAX_SCALE_FACTOR': 1.3, 'DATA_SHORT_EDGE_LEN': 480, 'DATA_RANDOM_REVERSE_SEQ': True, 'DATA_DAVIS_REPEAT': 30, 'DATA_CURR_SEQ_LEN': 3, 'DATA_RANDOM_GAP_DAVIS': 3, 'DATA_RANDOM_GAP_YTB': 3, 'PRETRAIN': True, 'PRETRAIN_FULL': False, 'PRETRAIN_MODEL': './pretrain_models/resnet101-deeplabv3p.pth.tar', 'MODEL_BACKBONE': 'resnet', 'MODEL_MODULE': 'networks.cfbi.cfbi', 'MODEL_OUTPUT_STRIDE': 16, 'MODEL_ASPP_OUTDIM': 256, 'MODEL_SHORTCUT_DIM': 48, 'MODEL_SEMANTIC_EMBEDDING_DIM': 100, 'MODEL_HEAD_EMBEDDING_DIM': 256, 'MODEL_PRE_HEAD_EMBEDDING_DIM': 64, 'MODEL_GN_GROUPS': 32, 'MODEL_GN_EMB_GROUPS': 25, 'MODEL_MULTI_LOCAL_DISTANCE': [2, 4, 6, 8, 10, 12], 'MODEL_LOCAL_DOWNSAMPLE': True, 'MODEL_REFINE_CHANNELS': 64, 'MODEL_LOW_LEVEL_INPLANES': 256, 'MODEL_RELATED_CHANNELS': 64, 'MODEL_EPSILON': 1e-05, 'MODEL_MATCHING_BACKGROUND': True, 'MODEL_GCT_BETA_WD': True, 'MODEL_FLOAT16_MATCHING': False, 'MODEL_FREEZE_BN': True, 'MODEL_FREEZE_BACKBONE': False, 'TRAIN_TOTAL_STEPS': 100000, 'TRAIN_START_STEP': 0, 'TRAIN_LR': 0.01, 'TRAIN_MOMENTUM': 0.9, 'TRAIN_COSINE_DECAY': False, 'TRAIN_WARM_UP_STEPS': 1000, 'TRAIN_WEIGHT_DECAY': 0.00015, 'TRAIN_POWER': 0.9, 'TRAIN_GPUS': 4, 'TRAIN_BATCH_SIZE': 8, 'TRAIN_START_SEQ_TRAINING_STEPS': 50000.0, 'TRAIN_TBLOG': False, 'TRAIN_TBLOG_STEP': 60, 'TRAIN_LOG_STEP': 20, 'TRAIN_IMG_LOG': False, 'TRAIN_TOP_K_PERCENT_PIXELS': 0.15, 'TRAIN_HARD_MINING_STEP': 50000.0, 'TRAIN_CLIP_GRAD_NORM': 5.0, 'TRAIN_SAVE_STEP': 1000, 'TRAIN_MAX_KEEP_CKPT': 8, 'TRAIN_RESUME': False, 'TRAIN_RESUME_CKPT': None, 'TRAIN_RESUME_STEP': 0, 'TRAIN_AUTO_RESUME': True, 'TRAIN_GLOBAL_ATROUS_RATE': 1, 'TRAIN_LOCAL_ATROUS_RATE': 1, 'TRAIN_LOCAL_PARALLEL': True, 'TRAIN_GLOBAL_CHUNKS': 20, 'TRAIN_DATASET_FULL_RESOLUTION': True, 'TEST_GPU_ID': 0, 'TEST_DATASET': 'VOST', 'TEST_DATASET_FULL_RESOLUTION': False, 'TEST_DATASET_SPLIT': ['val'], 'TEST_CKPT_PATH': './pretrain_models/resnet101_cfbi.pth', 'TEST_CKPT_STEP': None, 'TEST_FLIP': False, 'TEST_MULTISCALE': [1.0], 'TEST_MIN_SIZE': None, 'TEST_MAX_SIZE': 1040.0, 'TEST_WORKERS': 4, 'TEST_GLOBAL_CHUNKS': 4, 'TEST_GLOBAL_ATROUS_RATE': 1, 'TEST_LOCAL_ATROUS_RATE': 1, 'TEST_LOCAL_PARALLEL': True, 'DIST_ENABLE': True, 'DIST_BACKEND': 'gloo', 'DIST_URL': 'file://./sharefile', 'DIST_START_GPU': 0}
Use GPU 0 for evaluating
Build backbone.
Use frozen BN in DeepLab!
Build VOS model.
Load checkpoint from ./pretrain_models/resnet101_cfbi.pth
Process dataset...
['10625_knead_dough', '4357_trim_dough', '5253_open_package', '7049_paint_nail', '6922_split_paper', '4624_cut_paper', '1169_peel_onion', '4626_cut_paper', '5013_peel_onion', '4632_cut_paper', '3993_cut_tomato', '5551_close_notepad', '1179_cut_onion', '1184_cut_chilli', '1186_cut_chilli', '7202_clean_car', '1188_cut_ladyfinger', '9383_spread_cement', '1192_cut_ladyfinger', '555_tear_aluminium_foil', '556_cut_tomato', '557_cut_cucumber', '4014_cut_tomato', '559_cut_cucumber', '1200_cut_onion', '1201_cut_chili', '1202_cut_chili', '1203_cut_mango', '4016_cut_herbs', '1205_cut_mango', '3510_unscrew_bottle', '3511_unscrew_jar', '1206_cut_mango', '1207_break_garlic', '1210_cut_garlic', '1211_cut_garlic', '4021_cut_broccoli', '5304_unpack_broccoli', '4030_cut_broccoli', '4031_cut_broccoli', '7866_squeeze_bag', '7869_squeeze_bag', '5182_open_box', '7359_fold_tape_measure', '9671_split_cups', '9673_cut_tomato', '8267_pour_flour', '8013_divide_dough', '7088_spread_cards', '9688_divide_dough', '3161_peel_banana', '8024_divide_dough', '9691_divide_dough', '9692_divide_dough', '8028_divide_dough', '8032_divide_dough', '994_cut_onion', '8035_divide_dough', '996_cut_bacon', '3559_break_egg', '6503_apply_paint', '3562_break_egg', '3563_break_egg', '7786_break_puzzle', '3316_peel_onion', '3317_peel_onion', '4340_roll_dough', '5110_paint_nail', '4222_peel_wire', '5118_squeeze_bag']
Eval resnet101_cfbi on VOST:
Done!
Prcessing Seq 10625_knead_dough [1/70]:
Ref Frame: frame00000.jpg, Time: 0.44817090034484863
Frame: frame00006.jpg, Obj Num: 1, Time: 0.399630069732666
Frame: frame00012.jpg, Obj Num: 2, Time: 0.3192729949951172
Frame: frame00018.jpg, Obj Num: 2, Time: 0.3155858516693115
Frame: frame00024.jpg, Obj Num: 2, Time: 0.3939845561981201
Frame: frame00030.jpg, Obj Num: 2, Time: 0.4723031520843506
Frame: frame00036.jpg, Obj Num: 2, Time: 0.5731296539306641
Frame: frame00042.jpg, Obj Num: 2, Time: 0.6563975811004639
Frame: frame00048.jpg, Obj Num: 2, Time: 0.7293357849121094
Frame: frame00054.jpg, Obj Num: 2, Time: 0.826906681060791
Frame: frame00060.jpg, Obj Num: 2, Time: 0.9085121154785156
Frame: frame00066.jpg, Obj Num: 2, Time: 1.0221991539001465
Frame: frame00072.jpg, Obj Num: 2, Time: 1.0823602676391602
Frame: frame00078.jpg, Obj Num: 2, Time: 1.1768865585327148
Frame: frame00084.jpg, Obj Num: 2, Time: 1.303945541381836
Frame: frame00090.jpg, Obj Num: 2, Time: 1.3200674057006836
Frame: frame00096.jpg, Obj Num: 2, Time: 1.4707729816436768
Frame: frame00102.jpg, Obj Num: 2, Time: 1.5887303352355957
Frame: frame00108.jpg, Obj Num: 2, Time: 1.6006693840026855
Frame: frame00114.jpg, Obj Num: 2, Time: 1.8491086959838867
Frame: frame00120.jpg, Obj Num: 2, Time: 1.8472716808319092
Frame: frame00126.jpg, Obj Num: 2, Time: 1.976273775100708
Frame: frame00132.jpg, Obj Num: 2, Time: 2.044684648513794
Frame: frame00138.jpg, Obj Num: 2, Time: 2.183157205581665
Frame: frame00144.jpg, Obj Num: 2, Time: 2.3306190967559814
Frame: frame00150.jpg, Obj Num: 2, Time: 2.466554880142212
Frame: frame00156.jpg, Obj Num: 2, Time: 2.364499092102051
Frame: frame00162.jpg, Obj Num: 2, Time: 2.481750965118408
Frame: frame00168.jpg, Obj Num: 2, Time: 2.6186435222625732
Frame: frame00174.jpg, Obj Num: 2, Time: 2.841914176940918
Frame: frame00180.jpg, Obj Num: 2, Time: 2.833516836166382
Frame: frame00186.jpg, Obj Num: 2, Time: 2.934051275253296
Frame: frame00192.jpg, Obj Num: 2, Time: 3.2019565105438232
Frame: frame00198.jpg, Obj Num: 2, Time: 3.2869322299957275
Frame: frame00204.jpg, Obj Num: 2, Time: 3.377211093902588
Frame: frame00210.jpg, Obj Num: 2, Time: 3.63025164604187
Frame: frame00216.jpg, Obj Num: 2, Time: 3.500366449356079
Frame: frame00222.jpg, Obj Num: 2, Time: 3.7082111835479736
Frame: frame00228.jpg, Obj Num: 2, Time: 3.574803113937378
Frame: frame00234.jpg, Obj Num: 2, Time: 3.9402575492858887
Frame: frame00240.jpg, Obj Num: 2, Time: 4.027013301849365
Frame: frame00246.jpg, Obj Num: 2, Time: 3.938768148422241
Frame: frame00252.jpg, Obj Num: 2, Time: 4.11358380317688
Frame: frame00258.jpg, Obj Num: 2, Time: 4.135935306549072
Frame: frame00264.jpg, Obj Num: 2, Time: 4.341710329055786
Frame: frame00270.jpg, Obj Num: 2, Time: 4.847028732299805
Frame: frame00276.jpg, Obj Num: 2, Time: 4.487043142318726
Frame: frame00282.jpg, Obj Num: 2, Time: 4.790606498718262
Frame: frame00288.jpg, Obj Num: 2, Time: 4.872579336166382
Frame: frame00294.jpg, Obj Num: 2, Time: 4.942134380340576
Frame: frame00300.jpg, Obj Num: 2, Time: 4.740582466125488
Frame: frame00306.jpg, Obj Num: 2, Time: 4.828617811203003
Frame: frame00312.jpg, Obj Num: 2, Time: 4.992812633514404
Frame: frame00318.jpg, Obj Num: 2, Time: 5.26983118057251
Frame: frame00324.jpg, Obj Num: 2, Time: 5.288268804550171
Frame: frame00330.jpg, Obj Num: 2, Time: 5.664291143417358
Frame: frame00336.jpg, Obj Num: 2, Time: 5.931939363479614
Frame: frame00342.jpg, Obj Num: 2, Time: 6.3459413051605225
Frame: frame00348.jpg, Obj Num: 2, Time: 5.5961925983428955
Frame: frame00354.jpg, Obj Num: 2, Time: 6.158223390579224
Frame: frame00360.jpg, Obj Num: 2, Time: 5.828643321990967
Frame: frame00366.jpg, Obj Num: 2, Time: 6.1572911739349365
Frame: frame00372.jpg, Obj Num: 2, Time: 6.302704811096191
Frame: frame00378.jpg, Obj Num: 2, Time: 6.462230205535889
Frame: frame00384.jpg, Obj Num: 2, Time: 6.319911479949951
Frame: frame00390.jpg, Obj Num: 2, Time: 6.575262546539307
Frame: frame00396.jpg, Obj Num: 2, Time: 6.636484622955322
Frame: frame00402.jpg, Obj Num: 2, Time: 6.793797492980957
Frame: frame00408.jpg, Obj Num: 2, Time: 6.824005842208862
Frame: frame00414.jpg, Obj Num: 2, Time: 7.084456205368042
Frame: frame00420.jpg, Obj Num: 2, Time: 7.202332973480225
Frame: frame00426.jpg, Obj Num: 2, Time: 7.243798732757568
Frame: frame00432.jpg, Obj Num: 2, Time: 7.379554271697998
Frame: frame00438.jpg, Obj Num: 2, Time: 7.923861265182495
Frame: frame00444.jpg, Obj Num: 2, Time: 7.799729347229004
Frame: frame00450.jpg, Obj Num: 2, Time: 7.142980337142944
Frame: frame00456.jpg, Obj Num: 2, Time: 7.927965879440308
Frame: frame00462.jpg, Obj Num: 2, Time: 8.335214853286743
Frame: frame00468.jpg, Obj Num: 2, Time: 8.074690341949463
Frame: frame00474.jpg, Obj Num: 2, Time: 8.067653179168701
Frame: frame00480.jpg, Obj Num: 2, Time: 8.42765736579895
Frame: frame00486.jpg, Obj Num: 2, Time: 7.839183330535889
Frame: frame00492.jpg, Obj Num: 2, Time: 9.186598300933838
Frame: frame00498.jpg, Obj Num: 2, Time: 8.482973575592041
Frame: frame00504.jpg, Obj Num: 2, Time: 8.574553489685059
Frame: frame00510.jpg, Obj Num: 2, Time: 8.619576930999756
Frame: frame00516.jpg, Obj Num: 2, Time: 8.667702913284302
Frame: frame00522.jpg, Obj Num: 2, Time: 9.672324180603027
Frame: frame00528.jpg, Obj Num: 2, Time: 8.81134843826294
Frame: frame00534.jpg, Obj Num: 2, Time: 9.846293449401855
Frame: frame00540.jpg, Obj Num: 2, Time: 8.96756911277771
Frame: frame00546.jpg, Obj Num: 2, Time: 9.26813817024231
Frame: frame00552.jpg, Obj Num: 2, Time: 10.097679376602173
Frame: frame00558.jpg, Obj Num: 2, Time: 9.350811958312988
Frame: frame00564.jpg, Obj Num: 2, Time: 9.558618307113647
Frame: frame00570.jpg, Obj Num: 2, Time: 9.744860887527466
Frame: frame00576.jpg, Obj Num: 2, Time: 10.31089448928833
Frame: frame00582.jpg, Obj Num: 2, Time: 10.910973072052002
Frame: frame00588.jpg, Obj Num: 2, Time: 10.29829740524292
Frame: frame00594.jpg, Obj Num: 2, Time: 10.04041075706482
Frame: frame00600.jpg, Obj Num: 2, Time: 9.966620683670044
Frame: frame00606.jpg, Obj Num: 2, Time: 10.173275709152222
Frame: frame00612.jpg, Obj Num: 2, Time: 11.031612396240234
Frame: frame00618.jpg, Obj Num: 2, Time: 10.447757244110107
Frame: frame00624.jpg, Obj Num: 2, Time: 10.89232587814331
Frame: frame00630.jpg, Obj Num: 2, Time: 10.617231369018555
Frame: frame00636.jpg, Obj Num: 2, Time: 10.801902770996094
Frame: frame00642.jpg, Obj Num: 2, Time: 12.085457563400269
Frame: frame00648.jpg, Obj Num: 2, Time: 11.27693772315979
Frame: frame00654.jpg, Obj Num: 2, Time: 11.561999797821045
Frame: frame00660.jpg, Obj Num: 2, Time: 11.32384443283081
Frame: frame00666.jpg, Obj Num: 2, Time: 12.83958649635315
Frame: frame00672.jpg, Obj Num: 2, Time: 13.098299503326416
Frame: frame00678.jpg, Obj Num: 2, Time: 12.742531299591064
Frame: frame00684.jpg, Obj Num: 2, Time: 11.781814336776733
Frame: frame00690.jpg, Obj Num: 2, Time: 14.202715873718262
Frame: frame00696.jpg, Obj Num: 2, Time: 13.012343168258667
Frame: frame00702.jpg, Obj Num: 2, Time: 13.531956195831299
Frame: frame00708.jpg, Obj Num: 2, Time: 13.616827011108398
Seq 10625_knead_dough FPS: 0.16193708057191886, Total FPS: 0.16193708057191886, FPS per Seq: 0.16193708057191886
Save result to ./result/resnet101_cfbi/eval/VOST/VOST_resnet101_cfbi_ckpt_unknown.zip.
